{"/home/runner/work/Universal-DJ-Layer/Universal-DJ-Layer/api/apply-control.ts": {"path":"/home/runner/work/Universal-DJ-Layer/Universal-DJ-Layer/api/apply-control.ts","statementMap":{"0":{"start":{"line":37,"column":0},"end":{"line":37,"column":7}},"1":{"start":{"line":11,"column":0},"end":{"line":11,"column":37}},"2":{"start":{"line":12,"column":0},"end":{"line":12,"column":77}},"3":{"start":{"line":13,"column":0},"end":{"line":13,"column":59}},"4":{"start":{"line":44,"column":2},"end":{"line":44,"column":21}},"5":{"start":{"line":45,"column":2},"end":{"line":45,"column":23}},"6":{"start":{"line":48,"column":24},"end":{"line":48,"column":72}},"7":{"start":{"line":49,"column":2},"end":{"line":51,"column":3}},"8":{"start":{"line":50,"column":4},"end":{"line":50,"column":71}},"9":{"start":{"line":55,"column":2},"end":{"line":66,"column":3}},"10":{"start":{"line":56,"column":25},"end":{"line":61,"column":6}},"11":{"start":{"line":63,"column":4},"end":{"line":65,"column":5}},"12":{"start":{"line":64,"column":6},"end":{"line":64,"column":83}},"13":{"start":{"line":70,"column":2},"end":{"line":76,"column":3}},"14":{"start":{"line":71,"column":21},"end":{"line":74,"column":6}},"15":{"start":{"line":75,"column":4},"end":{"line":75,"column":37}},"16":{"start":{"line":78,"column":2},"end":{"line":130,"column":3}},"17":{"start":{"line":80,"column":19},"end":{"line":82,"column":6}},"18":{"start":{"line":85,"column":4},"end":{"line":95,"column":5}},"19":{"start":{"line":86,"column":6},"end":{"line":94,"column":9}},"20":{"start":{"line":97,"column":4},"end":{"line":102,"column":6}},"21":{"start":{"line":105,"column":4},"end":{"line":112,"column":5}},"22":{"start":{"line":106,"column":6},"end":{"line":111,"column":7}},"23":{"start":{"line":107,"column":8},"end":{"line":107,"column":61}},"24":{"start":{"line":110,"column":8},"end":{"line":110,"column":72}},"25":{"start":{"line":115,"column":4},"end":{"line":125,"column":5}},"26":{"start":{"line":116,"column":6},"end":{"line":124,"column":9}},"27":{"start":{"line":127,"column":4},"end":{"line":129,"column":7}}},"fnMap":{"0":{"name":"applyControl","decl":{"start":{"line":37,"column":22},"end":{"line":37,"column":34}},"loc":{"start":{"line":41,"column":28},"end":{"line":131,"column":1}}}},"branchMap":{"0":{"loc":{"start":{"line":41,"column":2},"end":{"line":41,"column":28}},"type":"default-arg","locations":[{"start":{"line":41,"column":26},"end":{"line":41,"column":28}}]},"1":{"loc":{"start":{"line":49,"column":2},"end":{"line":51,"column":3}},"type":"if","locations":[{"start":{"line":49,"column":2},"end":{"line":51,"column":3}},{"start":{},"end":{}}]},"2":{"loc":{"start":{"line":55,"column":2},"end":{"line":66,"column":3}},"type":"if","locations":[{"start":{"line":55,"column":2},"end":{"line":66,"column":3}},{"start":{},"end":{}}]},"3":{"loc":{"start":{"line":63,"column":4},"end":{"line":65,"column":5}},"type":"if","locations":[{"start":{"line":63,"column":4},"end":{"line":65,"column":5}},{"start":{},"end":{}}]},"4":{"loc":{"start":{"line":70,"column":2},"end":{"line":76,"column":3}},"type":"if","locations":[{"start":{"line":70,"column":2},"end":{"line":76,"column":3}},{"start":{},"end":{}}]},"5":{"loc":{"start":{"line":85,"column":4},"end":{"line":95,"column":5}},"type":"if","locations":[{"start":{"line":85,"column":4},"end":{"line":95,"column":5}},{"start":{},"end":{}}]},"6":{"loc":{"start":{"line":100,"column":18},"end":{"line":100,"column":38}},"type":"binary-expr","locations":[{"start":{"line":100,"column":18},"end":{"line":100,"column":28}},{"start":{"line":100,"column":32},"end":{"line":100,"column":38}}]},"7":{"loc":{"start":{"line":105,"column":4},"end":{"line":112,"column":5}},"type":"if","locations":[{"start":{"line":105,"column":4},"end":{"line":112,"column":5}},{"start":{},"end":{}}]},"8":{"loc":{"start":{"line":105,"column":8},"end":{"line":105,"column":78}},"type":"binary-expr","locations":[{"start":{"line":105,"column":8},"end":{"line":105,"column":18}},{"start":{"line":105,"column":22},"end":{"line":105,"column":78}}]},"9":{"loc":{"start":{"line":115,"column":4},"end":{"line":125,"column":5}},"type":"if","locations":[{"start":{"line":115,"column":4},"end":{"line":125,"column":5}},{"start":{},"end":{}}]},"10":{"loc":{"start":{"line":123,"column":27},"end":{"line":123,"column":81}},"type":"cond-expr","locations":[{"start":{"line":123,"column":52},"end":{"line":123,"column":65}},{"start":{"line":123,"column":68},"end":{"line":123,"column":81}}]},"11":{"loc":{"start":{"line":128,"column":13},"end":{"line":128,"column":70}},"type":"cond-expr","locations":[{"start":{"line":128,"column":38},"end":{"line":128,"column":43}},{"start":{"line":128,"column":46},"end":{"line":128,"column":70}}]}},"s":{"0":2,"1":2,"2":2,"3":2,"4":16,"5":15,"6":14,"7":14,"8":2,"9":12,"10":3,"11":3,"12":2,"13":10,"14":2,"15":2,"16":10,"17":10,"18":8,"19":1,"20":8,"21":2,"22":1,"23":1,"24":0,"25":2,"26":1,"27":2},"f":{"0":16},"b":{"0":[14],"1":[2,12],"2":[3,9],"3":[2,1],"4":[2,8],"5":[1,7],"6":[8,7],"7":[1,1],"8":[2,1],"9":[1,1],"10":[1,0],"11":[2,0]}}
,"/home/runner/work/Universal-DJ-Layer/Universal-DJ-Layer/api/control-api.ts": {"path":"/home/runner/work/Universal-DJ-Layer/Universal-DJ-Layer/api/control-api.ts","statementMap":{"0":{"start":{"line":22,"column":0},"end":{"line":22,"column":47}},"1":{"start":{"line":23,"column":0},"end":{"line":23,"column":49}},"2":{"start":{"line":24,"column":0},"end":{"line":24,"column":51}},"3":{"start":{"line":25,"column":0},"end":{"line":25,"column":47}},"4":{"start":{"line":26,"column":0},"end":{"line":26,"column":43}},"5":{"start":{"line":60,"column":22},"end":{"line":60,"column":38}},"6":{"start":{"line":79,"column":4},"end":{"line":79,"column":59}},"7":{"start":{"line":98,"column":4},"end":{"line":98,"column":65}},"8":{"start":{"line":116,"column":4},"end":{"line":116,"column":61}},"9":{"start":{"line":132,"column":4},"end":{"line":132,"column":53}},"10":{"start":{"line":149,"column":4},"end":{"line":149,"column":53}},"11":{"start":{"line":59,"column":0},"end":{"line":59,"column":13}}},"fnMap":{"0":{"name":"(anonymous_0)","decl":{"start":{"line":60,"column":2},"end":{"line":60,"column":22}},"loc":{"start":{"line":60,"column":38},"end":{"line":60,"column":42}}},"1":{"name":"(anonymous_1)","decl":{"start":{"line":74,"column":2},"end":{"line":74,"column":7}},"loc":{"start":{"line":77,"column":26},"end":{"line":80,"column":3}}},"2":{"name":"(anonymous_2)","decl":{"start":{"line":93,"column":2},"end":{"line":93,"column":7}},"loc":{"start":{"line":96,"column":27},"end":{"line":99,"column":3}}},"3":{"name":"(anonymous_3)","decl":{"start":{"line":111,"column":2},"end":{"line":111,"column":7}},"loc":{"start":{"line":114,"column":28},"end":{"line":117,"column":3}}},"4":{"name":"(anonymous_4)","decl":{"start":{"line":128,"column":2},"end":{"line":128,"column":7}},"loc":{"start":{"line":130,"column":25},"end":{"line":133,"column":3}}},"5":{"name":"(anonymous_5)","decl":{"start":{"line":145,"column":2},"end":{"line":145,"column":7}},"loc":{"start":{"line":147,"column":16},"end":{"line":150,"column":3}}}},"branchMap":{},"s":{"0":1,"1":1,"2":1,"3":1,"4":1,"5":10,"6":3,"7":3,"8":3,"9":3,"10":1,"11":1},"f":{"0":10,"1":3,"2":3,"3":3,"4":3,"5":1},"b":{}}
,"/home/runner/work/Universal-DJ-Layer/Universal-DJ-Layer/api/errors.ts": {"path":"/home/runner/work/Universal-DJ-Layer/Universal-DJ-Layer/api/errors.ts","statementMap":{"0":{"start":{"line":17,"column":4},"end":{"line":17,"column":19}},"1":{"start":{"line":14,"column":11},"end":{"line":14,"column":23}},"2":{"start":{"line":15,"column":11},"end":{"line":15,"column":24}},"3":{"start":{"line":18,"column":4},"end":{"line":18,"column":34}},"4":{"start":{"line":19,"column":4},"end":{"line":19,"column":59}},"5":{"start":{"line":11,"column":0},"end":{"line":11,"column":13}},"6":{"start":{"line":28,"column":4},"end":{"line":28,"column":40}},"7":{"start":{"line":29,"column":4},"end":{"line":29,"column":34}},"8":{"start":{"line":30,"column":4},"end":{"line":30,"column":59}},"9":{"start":{"line":26,"column":0},"end":{"line":26,"column":13}},"10":{"start":{"line":39,"column":4},"end":{"line":39,"column":77}},"11":{"start":{"line":40,"column":4},"end":{"line":40,"column":39}},"12":{"start":{"line":41,"column":4},"end":{"line":41,"column":64}},"13":{"start":{"line":37,"column":0},"end":{"line":37,"column":13}},"14":{"start":{"line":50,"column":4},"end":{"line":50,"column":32}},"15":{"start":{"line":51,"column":4},"end":{"line":51,"column":32}},"16":{"start":{"line":52,"column":4},"end":{"line":52,"column":57}},"17":{"start":{"line":48,"column":0},"end":{"line":48,"column":13}},"18":{"start":{"line":61,"column":4},"end":{"line":61,"column":44}},"19":{"start":{"line":62,"column":4},"end":{"line":62,"column":29}},"20":{"start":{"line":63,"column":4},"end":{"line":63,"column":54}},"21":{"start":{"line":59,"column":0},"end":{"line":59,"column":13}},"22":{"start":{"line":72,"column":4},"end":{"line":72,"column":48}},"23":{"start":{"line":73,"column":4},"end":{"line":73,"column":34}},"24":{"start":{"line":74,"column":4},"end":{"line":74,"column":59}},"25":{"start":{"line":70,"column":0},"end":{"line":70,"column":13}}},"fnMap":{"0":{"name":"(anonymous_0)","decl":{"start":{"line":12,"column":2},"end":{"line":12,"column":null}},"loc":{"start":{"line":15,"column":24},"end":{"line":20,"column":3}}},"1":{"name":"(anonymous_1)","decl":{"start":{"line":27,"column":2},"end":{"line":27,"column":14}},"loc":{"start":{"line":27,"column":29},"end":{"line":31,"column":3}}},"2":{"name":"(anonymous_2)","decl":{"start":{"line":38,"column":2},"end":{"line":38,"column":14}},"loc":{"start":{"line":38,"column":48},"end":{"line":42,"column":3}}},"3":{"name":"(anonymous_3)","decl":{"start":{"line":49,"column":2},"end":{"line":49,"column":14}},"loc":{"start":{"line":49,"column":29},"end":{"line":53,"column":3}}},"4":{"name":"(anonymous_4)","decl":{"start":{"line":60,"column":2},"end":{"line":60,"column":14}},"loc":{"start":{"line":60,"column":57},"end":{"line":64,"column":3}}},"5":{"name":"(anonymous_5)","decl":{"start":{"line":71,"column":2},"end":{"line":71,"column":14}},"loc":{"start":{"line":71,"column":44},"end":{"line":75,"column":3}}}},"branchMap":{},"s":{"0":69,"1":69,"2":69,"3":69,"4":69,"5":8,"6":14,"7":14,"8":14,"9":8,"10":5,"11":5,"12":5,"13":8,"14":8,"15":8,"16":8,"17":8,"18":5,"19":5,"20":5,"21":8,"22":34,"23":34,"24":34,"25":8},"f":{"0":69,"1":14,"2":5,"3":8,"4":5,"5":34},"b":{}}
,"/home/runner/work/Universal-DJ-Layer/Universal-DJ-Layer/api/get-control.ts": {"path":"/home/runner/work/Universal-DJ-Layer/Universal-DJ-Layer/api/get-control.ts","statementMap":{"0":{"start":{"line":32,"column":0},"end":{"line":32,"column":7}},"1":{"start":{"line":10,"column":0},"end":{"line":10,"column":37}},"2":{"start":{"line":11,"column":0},"end":{"line":11,"column":58}},"3":{"start":{"line":12,"column":0},"end":{"line":12,"column":73}},"4":{"start":{"line":38,"column":2},"end":{"line":38,"column":31}},"5":{"start":{"line":39,"column":2},"end":{"line":39,"column":23}},"6":{"start":{"line":42,"column":24},"end":{"line":44,"column":64}},"7":{"start":{"line":45,"column":2},"end":{"line":47,"column":3}},"8":{"start":{"line":46,"column":4},"end":{"line":46,"column":73}},"9":{"start":{"line":51,"column":2},"end":{"line":57,"column":3}},"10":{"start":{"line":52,"column":4},"end":{"line":52,"column":58}},"11":{"start":{"line":55,"column":21},"end":{"line":55,"column":48}},"12":{"start":{"line":56,"column":4},"end":{"line":56,"column":60}},"13":{"start":{"line":56,"column":33},"end":{"line":56,"column":58}},"14":{"start":{"line":59,"column":2},"end":{"line":61,"column":3}},"15":{"start":{"line":60,"column":4},"end":{"line":60,"column":62}},"16":{"start":{"line":64,"column":39},"end":{"line":78,"column":4}},"17":{"start":{"line":81,"column":2},"end":{"line":83,"column":3}},"18":{"start":{"line":82,"column":4},"end":{"line":82,"column":58}},"19":{"start":{"line":86,"column":23},"end":{"line":86,"column":25}},"20":{"start":{"line":87,"column":2},"end":{"line":98,"column":3}},"21":{"start":{"line":88,"column":4},"end":{"line":97,"column":5}},"22":{"start":{"line":89,"column":27},"end":{"line":92,"column":8}},"23":{"start":{"line":93,"column":6},"end":{"line":93,"column":29}},"24":{"start":{"line":96,"column":6},"end":{"line":96,"column":64}},"25":{"start":{"line":102,"column":2},"end":{"line":110,"column":3}},"26":{"start":{"line":103,"column":4},"end":{"line":109,"column":5}},"27":{"start":{"line":104,"column":6},"end":{"line":104,"column":65}},"28":{"start":{"line":107,"column":6},"end":{"line":107,"column":64}},"29":{"start":{"line":108,"column":6},"end":{"line":108,"column":19}},"30":{"start":{"line":113,"column":25},"end":{"line":113,"column":30}},"31":{"start":{"line":114,"column":2},"end":{"line":120,"column":3}},"32":{"start":{"line":115,"column":4},"end":{"line":115,"column":73}},"33":{"start":{"line":117,"column":4},"end":{"line":119,"column":62}},"34":{"start":{"line":122,"column":25},"end":{"line":122,"column":30}},"35":{"start":{"line":123,"column":2},"end":{"line":129,"column":3}},"36":{"start":{"line":124,"column":4},"end":{"line":124,"column":73}},"37":{"start":{"line":126,"column":4},"end":{"line":128,"column":62}},"38":{"start":{"line":131,"column":2},"end":{"line":137,"column":4}}},"fnMap":{"0":{"name":"getControl","decl":{"start":{"line":32,"column":22},"end":{"line":32,"column":32}},"loc":{"start":{"line":35,"column":14},"end":{"line":138,"column":1}}},"1":{"name":"(anonymous_1)","decl":{"start":{"line":56,"column":28},"end":{"line":56,"column":29}},"loc":{"start":{"line":56,"column":33},"end":{"line":56,"column":58}}}},"branchMap":{"0":{"loc":{"start":{"line":42,"column":24},"end":{"line":44,"column":64}},"type":"binary-expr","locations":[{"start":{"line":42,"column":24},"end":{"line":42,"column":65}},{"start":{"line":43,"column":24},"end":{"line":43,"column":62}},{"start":{"line":44,"column":24},"end":{"line":44,"column":64}}]},"1":{"loc":{"start":{"line":45,"column":2},"end":{"line":47,"column":3}},"type":"if","locations":[{"start":{"line":45,"column":2},"end":{"line":47,"column":3}},{"start":{},"end":{}}]},"2":{"loc":{"start":{"line":51,"column":2},"end":{"line":57,"column":3}},"type":"if","locations":[{"start":{"line":51,"column":2},"end":{"line":57,"column":3}},{"start":{"line":53,"column":9},"end":{"line":57,"column":3}}]},"3":{"loc":{"start":{"line":59,"column":2},"end":{"line":61,"column":3}},"type":"if","locations":[{"start":{"line":59,"column":2},"end":{"line":61,"column":3}},{"start":{},"end":{}}]},"4":{"loc":{"start":{"line":66,"column":13},"end":{"line":66,"column":56}},"type":"binary-expr","locations":[{"start":{"line":66,"column":13},"end":{"line":66,"column":35}},{"start":{"line":66,"column":39},"end":{"line":66,"column":56}}]},"5":{"loc":{"start":{"line":67,"column":15},"end":{"line":67,"column":52}},"type":"binary-expr","locations":[{"start":{"line":67,"column":15},"end":{"line":67,"column":39}},{"start":{"line":67,"column":43},"end":{"line":67,"column":52}}]},"6":{"loc":{"start":{"line":69,"column":11},"end":{"line":69,"column":47}},"type":"binary-expr","locations":[{"start":{"line":69,"column":11},"end":{"line":69,"column":34}},{"start":{"line":69,"column":38},"end":{"line":69,"column":47}}]},"7":{"loc":{"start":{"line":74,"column":12},"end":{"line":74,"column":64}},"type":"cond-expr","locations":[{"start":{"line":74,"column":43},"end":{"line":74,"column":51}},{"start":{"line":74,"column":54},"end":{"line":74,"column":64}}]},"8":{"loc":{"start":{"line":75,"column":21},"end":{"line":75,"column":50}},"type":"binary-expr","locations":[{"start":{"line":75,"column":21},"end":{"line":75,"column":44}},{"start":{"line":75,"column":48},"end":{"line":75,"column":50}}]},"9":{"loc":{"start":{"line":81,"column":2},"end":{"line":83,"column":3}},"type":"if","locations":[{"start":{"line":81,"column":2},"end":{"line":83,"column":3}},{"start":{},"end":{}}]},"10":{"loc":{"start":{"line":87,"column":2},"end":{"line":98,"column":3}},"type":"if","locations":[{"start":{"line":87,"column":2},"end":{"line":98,"column":3}},{"start":{},"end":{}}]},"11":{"loc":{"start":{"line":102,"column":2},"end":{"line":110,"column":3}},"type":"if","locations":[{"start":{"line":102,"column":2},"end":{"line":110,"column":3}},{"start":{},"end":{}}]},"12":{"loc":{"start":{"line":114,"column":2},"end":{"line":120,"column":3}},"type":"if","locations":[{"start":{"line":114,"column":2},"end":{"line":120,"column":3}},{"start":{"line":116,"column":9},"end":{"line":120,"column":3}}]},"13":{"loc":{"start":{"line":117,"column":23},"end":{"line":119,"column":61}},"type":"binary-expr","locations":[{"start":{"line":117,"column":23},"end":{"line":117,"column":66}},{"start":{"line":118,"column":22},"end":{"line":118,"column":64}},{"start":{"line":119,"column":22},"end":{"line":119,"column":61}}]},"14":{"loc":{"start":{"line":123,"column":2},"end":{"line":129,"column":3}},"type":"if","locations":[{"start":{"line":123,"column":2},"end":{"line":129,"column":3}},{"start":{"line":125,"column":9},"end":{"line":129,"column":3}}]},"15":{"loc":{"start":{"line":126,"column":23},"end":{"line":128,"column":61}},"type":"binary-expr","locations":[{"start":{"line":126,"column":23},"end":{"line":126,"column":66}},{"start":{"line":127,"column":22},"end":{"line":127,"column":62}},{"start":{"line":128,"column":22},"end":{"line":128,"column":61}}]}},"s":{"0":2,"1":2,"2":2,"3":2,"4":15,"5":14,"6":13,"7":13,"8":2,"9":11,"10":10,"11":1,"12":1,"13":1,"14":11,"15":2,"16":9,"17":9,"18":2,"19":7,"20":7,"21":1,"22":1,"23":1,"24":0,"25":7,"26":1,"27":1,"28":0,"29":0,"30":7,"31":7,"32":1,"33":6,"34":7,"35":7,"36":1,"37":6,"38":7},"f":{"0":15,"1":1},"b":{"0":[13,2,2],"1":[2,11],"2":[10,1],"3":[2,9],"4":[9,9],"5":[9,0],"6":[9,0],"7":[9,0],"8":[9,0],"9":[2,7],"10":[1,6],"11":[1,6],"12":[1,6],"13":[6,0,0],"14":[1,6],"15":[6,0,0]}}
,"/home/runner/work/Universal-DJ-Layer/Universal-DJ-Layer/api/index.ts": {"path":"/home/runner/work/Universal-DJ-Layer/Universal-DJ-Layer/api/index.ts","statementMap":{"0":{"start":{"line":10,"column":0},"end":{"line":10,"column":9}},"1":{"start":{"line":10,"column":9},"end":{"line":10,"column":47}},"2":{"start":{"line":11,"column":0},"end":{"line":11,"column":9}},"3":{"start":{"line":11,"column":9},"end":{"line":11,"column":49}},"4":{"start":{"line":12,"column":0},"end":{"line":12,"column":9}},"5":{"start":{"line":12,"column":9},"end":{"line":12,"column":51}},"6":{"start":{"line":13,"column":0},"end":{"line":13,"column":9}},"7":{"start":{"line":13,"column":9},"end":{"line":13,"column":47}},"8":{"start":{"line":14,"column":0},"end":{"line":14,"column":9}},"9":{"start":{"line":14,"column":9},"end":{"line":14,"column":43}},"10":{"start":{"line":17,"column":0},"end":{"line":17,"column":9}},"11":{"start":{"line":17,"column":9},"end":{"line":17,"column":43}},"12":{"start":{"line":32,"column":0},"end":{"line":32,"column":9}},"13":{"start":{"line":32,"column":9},"end":{"line":32,"column":37}},"14":{"start":{"line":35,"column":0},"end":{"line":35,"column":null}},"15":{"start":{"line":36,"column":2},"end":{"line":36,"column":null}},"16":{"start":{"line":37,"column":2},"end":{"line":37,"column":null}},"17":{"start":{"line":38,"column":2},"end":{"line":38,"column":null}},"18":{"start":{"line":39,"column":2},"end":{"line":39,"column":null}},"19":{"start":{"line":40,"column":2},"end":{"line":40,"column":null}},"20":{"start":{"line":41,"column":2},"end":{"line":41,"column":null}},"21":{"start":{"line":45,"column":0},"end":{"line":45,"column":null}},"22":{"start":{"line":46,"column":2},"end":{"line":46,"column":null}},"23":{"start":{"line":47,"column":2},"end":{"line":47,"column":null}},"24":{"start":{"line":48,"column":2},"end":{"line":48,"column":null}},"25":{"start":{"line":49,"column":2},"end":{"line":49,"column":null}}},"fnMap":{"0":{"name":"(anonymous_0)","decl":{"start":{"line":10,"column":9},"end":{"line":10,"column":21}},"loc":{"start":{"line":10,"column":9},"end":{"line":10,"column":47}}},"1":{"name":"(anonymous_1)","decl":{"start":{"line":11,"column":9},"end":{"line":11,"column":22}},"loc":{"start":{"line":11,"column":9},"end":{"line":11,"column":49}}},"2":{"name":"(anonymous_2)","decl":{"start":{"line":12,"column":9},"end":{"line":12,"column":23}},"loc":{"start":{"line":12,"column":9},"end":{"line":12,"column":51}}},"3":{"name":"(anonymous_3)","decl":{"start":{"line":13,"column":9},"end":{"line":13,"column":21}},"loc":{"start":{"line":13,"column":9},"end":{"line":13,"column":47}}},"4":{"name":"(anonymous_4)","decl":{"start":{"line":14,"column":9},"end":{"line":14,"column":19}},"loc":{"start":{"line":14,"column":9},"end":{"line":14,"column":43}}},"5":{"name":"(anonymous_5)","decl":{"start":{"line":17,"column":9},"end":{"line":17,"column":19}},"loc":{"start":{"line":17,"column":9},"end":{"line":17,"column":43}}},"6":{"name":"(anonymous_6)","decl":{"start":{"line":32,"column":9},"end":{"line":32,"column":19}},"loc":{"start":{"line":32,"column":9},"end":{"line":32,"column":37}}},"7":{"name":"(anonymous_7)","decl":{"start":{"line":36,"column":2},"end":{"line":36,"column":17}},"loc":{"start":{"line":36,"column":2},"end":{"line":36,"column":null}}},"8":{"name":"(anonymous_8)","decl":{"start":{"line":37,"column":2},"end":{"line":37,"column":17}},"loc":{"start":{"line":37,"column":2},"end":{"line":37,"column":null}}},"9":{"name":"(anonymous_9)","decl":{"start":{"line":38,"column":2},"end":{"line":38,"column":22}},"loc":{"start":{"line":38,"column":2},"end":{"line":38,"column":null}}},"10":{"name":"(anonymous_10)","decl":{"start":{"line":39,"column":2},"end":{"line":39,"column":15}},"loc":{"start":{"line":39,"column":2},"end":{"line":39,"column":null}}},"11":{"name":"(anonymous_11)","decl":{"start":{"line":40,"column":2},"end":{"line":40,"column":12}},"loc":{"start":{"line":40,"column":2},"end":{"line":40,"column":null}}},"12":{"name":"(anonymous_12)","decl":{"start":{"line":41,"column":2},"end":{"line":41,"column":17}},"loc":{"start":{"line":41,"column":2},"end":{"line":41,"column":null}}},"13":{"name":"(anonymous_13)","decl":{"start":{"line":46,"column":2},"end":{"line":46,"column":14}},"loc":{"start":{"line":46,"column":2},"end":{"line":46,"column":null}}},"14":{"name":"(anonymous_14)","decl":{"start":{"line":47,"column":2},"end":{"line":47,"column":15}},"loc":{"start":{"line":47,"column":2},"end":{"line":47,"column":null}}},"15":{"name":"(anonymous_15)","decl":{"start":{"line":48,"column":2},"end":{"line":48,"column":19}},"loc":{"start":{"line":48,"column":2},"end":{"line":48,"column":null}}},"16":{"name":"(anonymous_16)","decl":{"start":{"line":49,"column":2},"end":{"line":49,"column":9}},"loc":{"start":{"line":49,"column":2},"end":{"line":49,"column":null}}}},"branchMap":{},"s":{"0":0,"1":0,"2":0,"3":0,"4":0,"5":0,"6":0,"7":0,"8":0,"9":0,"10":0,"11":0,"12":0,"13":0,"14":0,"15":0,"16":0,"17":0,"18":0,"19":0,"20":0,"21":0,"22":0,"23":0,"24":0,"25":0},"f":{"0":0,"1":0,"2":0,"3":0,"4":0,"5":0,"6":0,"7":0,"8":0,"9":0,"10":0,"11":0,"12":0,"13":0,"14":0,"15":0,"16":0},"b":{}}
,"/home/runner/work/Universal-DJ-Layer/Universal-DJ-Layer/api/list-controls.ts": {"path":"/home/runner/work/Universal-DJ-Layer/Universal-DJ-Layer/api/list-controls.ts","statementMap":{"0":{"start":{"line":30,"column":0},"end":{"line":30,"column":7}},"1":{"start":{"line":10,"column":0},"end":{"line":10,"column":37}},"2":{"start":{"line":11,"column":0},"end":{"line":11,"column":43}},"3":{"start":{"line":12,"column":0},"end":{"line":12,"column":54}},"4":{"start":{"line":36,"column":2},"end":{"line":36,"column":23}},"5":{"start":{"line":37,"column":24},"end":{"line":39,"column":64}},"6":{"start":{"line":40,"column":2},"end":{"line":42,"column":3}},"7":{"start":{"line":41,"column":4},"end":{"line":41,"column":73}},"8":{"start":{"line":45,"column":19},"end":{"line":49,"column":4}},"9":{"start":{"line":52,"column":42},"end":{"line":66,"column":5}},"10":{"start":{"line":52,"column":67},"end":{"line":66,"column":4}},"11":{"start":{"line":68,"column":26},"end":{"line":69,"column":null}},"12":{"start":{"line":69,"column":4},"end":{"line":69,"column":27}},"13":{"start":{"line":73,"column":19},"end":{"line":102,"column":null}},"14":{"start":{"line":76,"column":29},"end":{"line":76,"column":34}},"15":{"start":{"line":77,"column":6},"end":{"line":84,"column":7}},"16":{"start":{"line":78,"column":8},"end":{"line":78,"column":85}},"17":{"start":{"line":81,"column":8},"end":{"line":83,"column":60}},"18":{"start":{"line":87,"column":29},"end":{"line":87,"column":34}},"19":{"start":{"line":88,"column":6},"end":{"line":95,"column":7}},"20":{"start":{"line":89,"column":8},"end":{"line":89,"column":85}},"21":{"start":{"line":92,"column":8},"end":{"line":94,"column":60}},"22":{"start":{"line":97,"column":6},"end":{"line":101,"column":8}},"23":{"start":{"line":106,"column":15},"end":{"line":106,"column":33}},"24":{"start":{"line":107,"column":19},"end":{"line":107,"column":42}},"25":{"start":{"line":108,"column":21},"end":{"line":108,"column":42}},"26":{"start":{"line":109,"column":19},"end":{"line":109,"column":40}},"27":{"start":{"line":110,"column":28},"end":{"line":110,"column":64}},"28":{"start":{"line":112,"column":2},"end":{"line":117,"column":4}}},"fnMap":{"0":{"name":"listControls","decl":{"start":{"line":30,"column":22},"end":{"line":30,"column":34}},"loc":{"start":{"line":33,"column":27},"end":{"line":118,"column":1}}},"1":{"name":"(anonymous_1)","decl":{"start":{"line":52,"column":55},"end":{"line":52,"column":62}},"loc":{"start":{"line":52,"column":67},"end":{"line":66,"column":4}}},"2":{"name":"(anonymous_2)","decl":{"start":{"line":68,"column":48},"end":{"line":68,"column":55}},"loc":{"start":{"line":69,"column":4},"end":{"line":69,"column":27}}},"3":{"name":"(anonymous_3)","decl":{"start":{"line":74,"column":24},"end":{"line":74,"column":29}},"loc":{"start":{"line":74,"column":42},"end":{"line":102,"column":5}}}},"branchMap":{"0":{"loc":{"start":{"line":33,"column":2},"end":{"line":33,"column":27}},"type":"default-arg","locations":[{"start":{"line":33,"column":25},"end":{"line":33,"column":27}}]},"1":{"loc":{"start":{"line":37,"column":24},"end":{"line":39,"column":64}},"type":"binary-expr","locations":[{"start":{"line":37,"column":24},"end":{"line":37,"column":65}},{"start":{"line":38,"column":24},"end":{"line":38,"column":62}},{"start":{"line":39,"column":24},"end":{"line":39,"column":64}}]},"2":{"loc":{"start":{"line":40,"column":2},"end":{"line":42,"column":3}},"type":"if","locations":[{"start":{"line":40,"column":2},"end":{"line":42,"column":3}},{"start":{},"end":{}}]},"3":{"loc":{"start":{"line":46,"column":12},"end":{"line":46,"column":36}},"type":"binary-expr","locations":[{"start":{"line":46,"column":12},"end":{"line":46,"column":27}},{"start":{"line":46,"column":31},"end":{"line":46,"column":36}}]},"4":{"loc":{"start":{"line":48,"column":13},"end":{"line":48,"column":58}},"type":"cond-expr","locations":[{"start":{"line":48,"column":38},"end":{"line":48,"column":46}},{"start":{"line":48,"column":49},"end":{"line":48,"column":58}}]},"5":{"loc":{"start":{"line":55,"column":15},"end":{"line":55,"column":52}},"type":"binary-expr","locations":[{"start":{"line":55,"column":15},"end":{"line":55,"column":39}},{"start":{"line":55,"column":43},"end":{"line":55,"column":52}}]},"6":{"loc":{"start":{"line":57,"column":11},"end":{"line":57,"column":47}},"type":"binary-expr","locations":[{"start":{"line":57,"column":11},"end":{"line":57,"column":34}},{"start":{"line":57,"column":38},"end":{"line":57,"column":47}}]},"7":{"loc":{"start":{"line":62,"column":12},"end":{"line":62,"column":64}},"type":"cond-expr","locations":[{"start":{"line":62,"column":43},"end":{"line":62,"column":51}},{"start":{"line":62,"column":54},"end":{"line":62,"column":64}}]},"8":{"loc":{"start":{"line":63,"column":21},"end":{"line":63,"column":50}},"type":"binary-expr","locations":[{"start":{"line":63,"column":21},"end":{"line":63,"column":44}},{"start":{"line":63,"column":48},"end":{"line":63,"column":50}}]},"9":{"loc":{"start":{"line":77,"column":6},"end":{"line":84,"column":7}},"type":"if","locations":[{"start":{"line":77,"column":6},"end":{"line":84,"column":7}},{"start":{"line":79,"column":13},"end":{"line":84,"column":7}}]},"10":{"loc":{"start":{"line":81,"column":27},"end":{"line":83,"column":59}},"type":"binary-expr","locations":[{"start":{"line":81,"column":27},"end":{"line":81,"column":70}},{"start":{"line":82,"column":26},"end":{"line":82,"column":68}},{"start":{"line":83,"column":26},"end":{"line":83,"column":59}}]},"11":{"loc":{"start":{"line":88,"column":6},"end":{"line":95,"column":7}},"type":"if","locations":[{"start":{"line":88,"column":6},"end":{"line":95,"column":7}},{"start":{"line":90,"column":13},"end":{"line":95,"column":7}}]},"12":{"loc":{"start":{"line":92,"column":27},"end":{"line":94,"column":59}},"type":"binary-expr","locations":[{"start":{"line":92,"column":27},"end":{"line":92,"column":70}},{"start":{"line":93,"column":26},"end":{"line":93,"column":66}},{"start":{"line":94,"column":26},"end":{"line":94,"column":59}}]},"13":{"loc":{"start":{"line":106,"column":15},"end":{"line":106,"column":33}},"type":"binary-expr","locations":[{"start":{"line":106,"column":15},"end":{"line":106,"column":28}},{"start":{"line":106,"column":32},"end":{"line":106,"column":33}}]},"14":{"loc":{"start":{"line":107,"column":19},"end":{"line":107,"column":42}},"type":"binary-expr","locations":[{"start":{"line":107,"column":19},"end":{"line":107,"column":36}},{"start":{"line":107,"column":40},"end":{"line":107,"column":42}}]}},"s":{"0":2,"1":2,"2":2,"3":2,"4":14,"5":13,"6":13,"7":2,"8":11,"9":11,"10":109,"11":11,"12":109,"13":11,"14":109,"15":109,"16":1,"17":108,"18":109,"19":109,"20":1,"21":108,"22":109,"23":11,"24":11,"25":11,"26":11,"27":11,"28":11},"f":{"0":14,"1":109,"2":109,"3":109},"b":{"0":[10],"1":[13,2,2],"2":[2,11],"3":[11,9],"4":[1,10],"5":[109,1],"6":[109,1],"7":[109,0],"8":[109,0],"9":[1,108],"10":[108,0,0],"11":[1,108],"12":[108,0,0],"13":[11,9],"14":[11,9]}}
,"/home/runner/work/Universal-DJ-Layer/Universal-DJ-Layer/api/preview-control.ts": {"path":"/home/runner/work/Universal-DJ-Layer/Universal-DJ-Layer/api/preview-control.ts","statementMap":{"0":{"start":{"line":36,"column":0},"end":{"line":36,"column":7}},"1":{"start":{"line":11,"column":0},"end":{"line":11,"column":37}},"2":{"start":{"line":12,"column":0},"end":{"line":12,"column":43}},"3":{"start":{"line":13,"column":0},"end":{"line":13,"column":59}},"4":{"start":{"line":43,"column":2},"end":{"line":43,"column":21}},"5":{"start":{"line":44,"column":2},"end":{"line":44,"column":23}},"6":{"start":{"line":47,"column":24},"end":{"line":48,"column":67}},"7":{"start":{"line":49,"column":2},"end":{"line":51,"column":3}},"8":{"start":{"line":50,"column":4},"end":{"line":50,"column":67}},"9":{"start":{"line":55,"column":2},"end":{"line":62,"column":3}},"10":{"start":{"line":56,"column":21},"end":{"line":60,"column":6}},"11":{"start":{"line":61,"column":4},"end":{"line":61,"column":37}},"12":{"start":{"line":64,"column":2},"end":{"line":122,"column":3}},"13":{"start":{"line":67,"column":20},"end":{"line":67,"column":22}},"14":{"start":{"line":68,"column":15},"end":{"line":68,"column":19}},"15":{"start":{"line":69,"column":29},"end":{"line":69,"column":31}},"16":{"start":{"line":71,"column":4},"end":{"line":91,"column":5}},"17":{"start":{"line":73,"column":6},"end":{"line":73,"column":72}},"18":{"start":{"line":75,"column":6},"end":{"line":77,"column":7}},"19":{"start":{"line":76,"column":8},"end":{"line":76,"column":79}},"20":{"start":{"line":80,"column":6},"end":{"line":84,"column":7}},"21":{"start":{"line":81,"column":28},"end":{"line":81,"column":78}},"22":{"start":{"line":82,"column":8},"end":{"line":82,"column":32}},"23":{"start":{"line":83,"column":8},"end":{"line":83,"column":46}},"24":{"start":{"line":87,"column":6},"end":{"line":87,"column":61}},"25":{"start":{"line":88,"column":6},"end":{"line":88,"column":25}},"26":{"start":{"line":89,"column":6},"end":{"line":89,"column":46}},"27":{"start":{"line":90,"column":6},"end":{"line":90,"column":25}},"28":{"start":{"line":94,"column":4},"end":{"line":104,"column":5}},"29":{"start":{"line":95,"column":6},"end":{"line":103,"column":9}},"30":{"start":{"line":106,"column":4},"end":{"line":111,"column":6}},"31":{"start":{"line":114,"column":4},"end":{"line":121,"column":5}},"32":{"start":{"line":115,"column":6},"end":{"line":120,"column":7}},"33":{"start":{"line":116,"column":8},"end":{"line":116,"column":57}},"34":{"start":{"line":119,"column":8},"end":{"line":119,"column":68}}},"fnMap":{"0":{"name":"previewControl","decl":{"start":{"line":36,"column":22},"end":{"line":36,"column":36}},"loc":{"start":{"line":40,"column":30},"end":{"line":123,"column":1}}}},"branchMap":{"0":{"loc":{"start":{"line":40,"column":2},"end":{"line":40,"column":30}},"type":"default-arg","locations":[{"start":{"line":40,"column":28},"end":{"line":40,"column":30}}]},"1":{"loc":{"start":{"line":47,"column":24},"end":{"line":48,"column":67}},"type":"binary-expr","locations":[{"start":{"line":47,"column":24},"end":{"line":47,"column":68}},{"start":{"line":48,"column":24},"end":{"line":48,"column":67}}]},"2":{"loc":{"start":{"line":49,"column":2},"end":{"line":51,"column":3}},"type":"if","locations":[{"start":{"line":49,"column":2},"end":{"line":51,"column":3}},{"start":{},"end":{}}]},"3":{"loc":{"start":{"line":55,"column":2},"end":{"line":62,"column":3}},"type":"if","locations":[{"start":{"line":55,"column":2},"end":{"line":62,"column":3}},{"start":{},"end":{}}]},"4":{"loc":{"start":{"line":71,"column":4},"end":{"line":91,"column":5}},"type":"if","locations":[{"start":{"line":71,"column":4},"end":{"line":91,"column":5}},{"start":{"line":85,"column":11},"end":{"line":91,"column":5}}]},"5":{"loc":{"start":{"line":71,"column":8},"end":{"line":71,"column":76}},"type":"binary-expr","locations":[{"start":{"line":71,"column":8},"end":{"line":71,"column":62}},{"start":{"line":71,"column":66},"end":{"line":71,"column":76}}]},"6":{"loc":{"start":{"line":75,"column":6},"end":{"line":77,"column":7}},"type":"if","locations":[{"start":{"line":75,"column":6},"end":{"line":77,"column":7}},{"start":{},"end":{}}]},"7":{"loc":{"start":{"line":80,"column":6},"end":{"line":84,"column":7}},"type":"if","locations":[{"start":{"line":80,"column":6},"end":{"line":84,"column":7}},{"start":{},"end":{}}]},"8":{"loc":{"start":{"line":83,"column":19},"end":{"line":83,"column":45}},"type":"binary-expr","locations":[{"start":{"line":83,"column":19},"end":{"line":83,"column":39}},{"start":{"line":83,"column":43},"end":{"line":83,"column":45}}]},"9":{"loc":{"start":{"line":89,"column":17},"end":{"line":89,"column":45}},"type":"binary-expr","locations":[{"start":{"line":89,"column":17},"end":{"line":89,"column":39}},{"start":{"line":89,"column":43},"end":{"line":89,"column":45}}]},"10":{"loc":{"start":{"line":94,"column":4},"end":{"line":104,"column":5}},"type":"if","locations":[{"start":{"line":94,"column":4},"end":{"line":104,"column":5}},{"start":{},"end":{}}]},"11":{"loc":{"start":{"line":110,"column":23},"end":{"line":110,"column":70}},"type":"binary-expr","locations":[{"start":{"line":110,"column":23},"end":{"line":110,"column":37}},{"start":{"line":110,"column":41},"end":{"line":110,"column":64}},{"start":{"line":110,"column":68},"end":{"line":110,"column":70}}]},"12":{"loc":{"start":{"line":114,"column":4},"end":{"line":121,"column":5}},"type":"if","locations":[{"start":{"line":114,"column":4},"end":{"line":121,"column":5}},{"start":{},"end":{}}]},"13":{"loc":{"start":{"line":114,"column":8},"end":{"line":114,"column":74}},"type":"binary-expr","locations":[{"start":{"line":114,"column":8},"end":{"line":114,"column":18}},{"start":{"line":114,"column":22},"end":{"line":114,"column":74}}]}},"s":{"0":2,"1":2,"2":2,"3":2,"4":14,"5":13,"6":12,"7":12,"8":2,"9":10,"10":4,"11":4,"12":10,"13":10,"14":10,"15":10,"16":10,"17":1,"18":1,"19":1,"20":1,"21":1,"22":1,"23":1,"24":9,"25":8,"26":8,"27":8,"28":9,"29":1,"30":9,"31":10,"32":4,"33":4,"34":0},"f":{"0":14},"b":{"0":[13],"1":[12,2],"2":[2,10],"3":[4,6],"4":[1,9],"5":[10,1],"6":[1,0],"7":[1,0],"8":[1,0],"9":[8,0],"10":[1,8],"11":[9,8,0],"12":[4,6],"13":[10,4]}}
,"/home/runner/work/Universal-DJ-Layer/Universal-DJ-Layer/api/revert-control.ts": {"path":"/home/runner/work/Universal-DJ-Layer/Universal-DJ-Layer/api/revert-control.ts","statementMap":{"0":{"start":{"line":32,"column":0},"end":{"line":32,"column":7}},"1":{"start":{"line":9,"column":0},"end":{"line":9,"column":37}},"2":{"start":{"line":10,"column":0},"end":{"line":10,"column":58}},"3":{"start":{"line":11,"column":0},"end":{"line":11,"column":64}},"4":{"start":{"line":39,"column":2},"end":{"line":39,"column":31}},"5":{"start":{"line":40,"column":2},"end":{"line":40,"column":23}},"6":{"start":{"line":43,"column":24},"end":{"line":44,"column":67}},"7":{"start":{"line":45,"column":2},"end":{"line":47,"column":3}},"8":{"start":{"line":46,"column":4},"end":{"line":46,"column":72}},"9":{"start":{"line":50,"column":2},"end":{"line":55,"column":3}},"10":{"start":{"line":51,"column":20},"end":{"line":51,"column":63}},"11":{"start":{"line":52,"column":4},"end":{"line":54,"column":5}},"12":{"start":{"line":53,"column":6},"end":{"line":53,"column":64}},"13":{"start":{"line":60,"column":2},"end":{"line":69,"column":3}},"14":{"start":{"line":61,"column":21},"end":{"line":61,"column":75}},"15":{"start":{"line":62,"column":4},"end":{"line":64,"column":5}},"16":{"start":{"line":63,"column":6},"end":{"line":63,"column":76}},"17":{"start":{"line":65,"column":4},"end":{"line":65,"column":37}},"18":{"start":{"line":68,"column":4},"end":{"line":68,"column":41}},"19":{"start":{"line":72,"column":2},"end":{"line":72,"column":52}},"20":{"start":{"line":75,"column":2},"end":{"line":84,"column":3}},"21":{"start":{"line":76,"column":4},"end":{"line":83,"column":7}},"22":{"start":{"line":86,"column":2},"end":{"line":90,"column":4}}},"fnMap":{"0":{"name":"revertControl","decl":{"start":{"line":32,"column":22},"end":{"line":32,"column":35}},"loc":{"start":{"line":36,"column":29},"end":{"line":91,"column":1}}}},"branchMap":{"0":{"loc":{"start":{"line":36,"column":2},"end":{"line":36,"column":29}},"type":"default-arg","locations":[{"start":{"line":36,"column":27},"end":{"line":36,"column":29}}]},"1":{"loc":{"start":{"line":43,"column":24},"end":{"line":44,"column":67}},"type":"binary-expr","locations":[{"start":{"line":43,"column":24},"end":{"line":43,"column":72}},{"start":{"line":44,"column":24},"end":{"line":44,"column":67}}]},"2":{"loc":{"start":{"line":45,"column":2},"end":{"line":47,"column":3}},"type":"if","locations":[{"start":{"line":45,"column":2},"end":{"line":47,"column":3}},{"start":{},"end":{}}]},"3":{"loc":{"start":{"line":50,"column":2},"end":{"line":55,"column":3}},"type":"if","locations":[{"start":{"line":50,"column":2},"end":{"line":55,"column":3}},{"start":{},"end":{}}]},"4":{"loc":{"start":{"line":52,"column":4},"end":{"line":54,"column":5}},"type":"if","locations":[{"start":{"line":52,"column":4},"end":{"line":54,"column":5}},{"start":{},"end":{}}]},"5":{"loc":{"start":{"line":60,"column":2},"end":{"line":69,"column":3}},"type":"if","locations":[{"start":{"line":60,"column":2},"end":{"line":69,"column":3}},{"start":{"line":66,"column":9},"end":{"line":69,"column":3}}]},"6":{"loc":{"start":{"line":62,"column":4},"end":{"line":64,"column":5}},"type":"if","locations":[{"start":{"line":62,"column":4},"end":{"line":64,"column":5}},{"start":{},"end":{}}]},"7":{"loc":{"start":{"line":75,"column":2},"end":{"line":84,"column":3}},"type":"if","locations":[{"start":{"line":75,"column":2},"end":{"line":84,"column":3}},{"start":{},"end":{}}]}},"s":{"0":2,"1":2,"2":2,"3":2,"4":15,"5":14,"6":13,"7":13,"8":2,"9":11,"10":2,"11":2,"12":2,"13":9,"14":3,"15":3,"16":2,"17":1,"18":6,"19":7,"20":7,"21":1,"22":7},"f":{"0":15},"b":{"0":[14],"1":[13,2],"2":[2,11],"3":[2,9],"4":[2,0],"5":[3,6],"6":[2,1],"7":[1,6]}}
,"/home/runner/work/Universal-DJ-Layer/Universal-DJ-Layer/api/types.ts": {"path":"/home/runner/work/Universal-DJ-Layer/Universal-DJ-Layer/api/types.ts","statementMap":{"0":{"start":{"line":24,"column":0},"end":{"line":24,"column":null}},"1":{"start":{"line":26,"column":2},"end":{"line":26,"column":null}},"2":{"start":{"line":28,"column":2},"end":{"line":28,"column":null}},"3":{"start":{"line":30,"column":2},"end":{"line":30,"column":null}},"4":{"start":{"line":32,"column":2},"end":{"line":32,"column":null}},"5":{"start":{"line":34,"column":2},"end":{"line":34,"column":null}}},"fnMap":{"0":{"name":"(anonymous_0)","decl":{"start":{"line":24,"column":0},"end":{"line":24,"column":12}},"loc":{"start":{"line":24,"column":22},"end":{"line":35,"column":1}}}},"branchMap":{"0":{"loc":{"start":{"line":24,"column":12},"end":{"line":24,"column":null}},"type":"binary-expr","locations":[{"start":{"line":24,"column":12},"end":{"line":24,"column":22}},{"start":{"line":24,"column":22},"end":{"line":24,"column":null}}]}},"s":{"0":6,"1":6,"2":6,"3":6,"4":6,"5":6},"f":{"0":6},"b":{"0":[6,6]}}
,"/home/runner/work/Universal-DJ-Layer/Universal-DJ-Layer/api/validators.ts": {"path":"/home/runner/work/Universal-DJ-Layer/Universal-DJ-Layer/api/validators.ts","statementMap":{"0":{"start":{"line":15,"column":0},"end":{"line":15,"column":16}},"1":{"start":{"line":35,"column":0},"end":{"line":35,"column":16}},"2":{"start":{"line":56,"column":0},"end":{"line":56,"column":16}},"3":{"start":{"line":76,"column":0},"end":{"line":76,"column":16}},"4":{"start":{"line":7,"column":0},"end":{"line":7,"column":43}},"5":{"start":{"line":16,"column":2},"end":{"line":18,"column":3}},"6":{"start":{"line":17,"column":4},"end":{"line":17,"column":50}},"7":{"start":{"line":20,"column":2},"end":{"line":22,"column":3}},"8":{"start":{"line":21,"column":4},"end":{"line":21,"column":59}},"9":{"start":{"line":24,"column":2},"end":{"line":26,"column":3}},"10":{"start":{"line":25,"column":4},"end":{"line":25,"column":61}},"11":{"start":{"line":36,"column":2},"end":{"line":38,"column":3}},"12":{"start":{"line":37,"column":4},"end":{"line":37,"column":51}},"13":{"start":{"line":40,"column":2},"end":{"line":42,"column":3}},"14":{"start":{"line":41,"column":4},"end":{"line":41,"column":60}},"15":{"start":{"line":44,"column":2},"end":{"line":46,"column":3}},"16":{"start":{"line":45,"column":4},"end":{"line":45,"column":62}},"17":{"start":{"line":58,"column":2},"end":{"line":60,"column":3}},"18":{"start":{"line":59,"column":4},"end":{"line":59,"column":16}},"19":{"start":{"line":63,"column":2},"end":{"line":65,"column":3}},"20":{"start":{"line":64,"column":4},"end":{"line":64,"column":16}},"21":{"start":{"line":67,"column":2},"end":{"line":67,"column":15}},"22":{"start":{"line":77,"column":2},"end":{"line":79,"column":3}},"23":{"start":{"line":78,"column":4},"end":{"line":78,"column":71}}},"fnMap":{"0":{"name":"validateDisc","decl":{"start":{"line":15,"column":16},"end":{"line":15,"column":28}},"loc":{"start":{"line":15,"column":39},"end":{"line":27,"column":1}}},"1":{"name":"validateActor","decl":{"start":{"line":35,"column":16},"end":{"line":35,"column":29}},"loc":{"start":{"line":35,"column":42},"end":{"line":47,"column":1}}},"2":{"name":"canView","decl":{"start":{"line":56,"column":16},"end":{"line":56,"column":23}},"loc":{"start":{"line":56,"column":60},"end":{"line":68,"column":1}}},"3":{"name":"validateControlId","decl":{"start":{"line":76,"column":16},"end":{"line":76,"column":33}},"loc":{"start":{"line":76,"column":51},"end":{"line":80,"column":1}}}},"branchMap":{"0":{"loc":{"start":{"line":16,"column":2},"end":{"line":18,"column":3}},"type":"if","locations":[{"start":{"line":16,"column":2},"end":{"line":18,"column":3}},{"start":{},"end":{}}]},"1":{"loc":{"start":{"line":20,"column":2},"end":{"line":22,"column":3}},"type":"if","locations":[{"start":{"line":20,"column":2},"end":{"line":22,"column":3}},{"start":{},"end":{}}]},"2":{"loc":{"start":{"line":24,"column":2},"end":{"line":26,"column":3}},"type":"if","locations":[{"start":{"line":24,"column":2},"end":{"line":26,"column":3}},{"start":{},"end":{}}]},"3":{"loc":{"start":{"line":36,"column":2},"end":{"line":38,"column":3}},"type":"if","locations":[{"start":{"line":36,"column":2},"end":{"line":38,"column":3}},{"start":{},"end":{}}]},"4":{"loc":{"start":{"line":40,"column":2},"end":{"line":42,"column":3}},"type":"if","locations":[{"start":{"line":40,"column":2},"end":{"line":42,"column":3}},{"start":{},"end":{}}]},"5":{"loc":{"start":{"line":44,"column":2},"end":{"line":46,"column":3}},"type":"if","locations":[{"start":{"line":44,"column":2},"end":{"line":46,"column":3}},{"start":{},"end":{}}]},"6":{"loc":{"start":{"line":58,"column":2},"end":{"line":60,"column":3}},"type":"if","locations":[{"start":{"line":58,"column":2},"end":{"line":60,"column":3}},{"start":{},"end":{}}]},"7":{"loc":{"start":{"line":63,"column":2},"end":{"line":65,"column":3}},"type":"if","locations":[{"start":{"line":63,"column":2},"end":{"line":65,"column":3}},{"start":{},"end":{}}]},"8":{"loc":{"start":{"line":63,"column":6},"end":{"line":63,"column":88}},"type":"binary-expr","locations":[{"start":{"line":63,"column":6},"end":{"line":63,"column":44}},{"start":{"line":63,"column":48},"end":{"line":63,"column":88}}]},"9":{"loc":{"start":{"line":77,"column":2},"end":{"line":79,"column":3}},"type":"if","locations":[{"start":{"line":77,"column":2},"end":{"line":79,"column":3}},{"start":{},"end":{}}]},"10":{"loc":{"start":{"line":77,"column":6},"end":{"line":77,"column":49}},"type":"binary-expr","locations":[{"start":{"line":77,"column":6},"end":{"line":77,"column":16}},{"start":{"line":77,"column":20},"end":{"line":77,"column":49}}]}},"s":{"0":7,"1":7,"2":7,"3":7,"4":7,"5":39,"6":6,"7":33,"8":2,"9":31,"10":2,"11":79,"12":9,"13":70,"14":2,"15":68,"16":2,"17":123,"18":114,"19":9,"20":5,"21":4,"22":37,"23":8},"f":{"0":39,"1":79,"2":123,"3":37},"b":{"0":[6,33],"1":[2,31],"2":[2,29],"3":[9,70],"4":[2,68],"5":[2,66],"6":[114,9],"7":[5,4],"8":[9,5],"9":[8,29],"10":[37,30]}}
,"/home/runner/work/Universal-DJ-Layer/Universal-DJ-Layer/audit/audit-log.ts": {"path":"/home/runner/work/Universal-DJ-Layer/Universal-DJ-Layer/audit/audit-log.ts","statementMap":{"0":{"start":{"line":8,"column":0},"end":{"line":8,"column":38}},"1":{"start":{"line":83,"column":4},"end":{"line":83,"column":12}},"2":{"start":{"line":77,"column":10},"end":{"line":77,"column":37}},"3":{"start":{"line":78,"column":10},"end":{"line":78,"column":58}},"4":{"start":{"line":79,"column":10},"end":{"line":79,"column":72}},"5":{"start":{"line":84,"column":4},"end":{"line":91,"column":6}},"6":{"start":{"line":94,"column":35},"end":{"line":94,"column":111}},"7":{"start":{"line":95,"column":19},"end":{"line":95,"column":72}},"8":{"start":{"line":96,"column":4},"end":{"line":96,"column":69}},"9":{"start":{"line":96,"column":52},"end":{"line":96,"column":67}},"10":{"start":{"line":113,"column":4},"end":{"line":115,"column":5}},"11":{"start":{"line":114,"column":6},"end":{"line":114,"column":16}},"12":{"start":{"line":117,"column":34},"end":{"line":121,"column":6}},"13":{"start":{"line":124,"column":4},"end":{"line":126,"column":5}},"14":{"start":{"line":125,"column":6},"end":{"line":125,"column":72}},"15":{"start":{"line":129,"column":4},"end":{"line":129,"column":33}},"16":{"start":{"line":130,"column":4},"end":{"line":130,"column":54}},"17":{"start":{"line":133,"column":4},"end":{"line":133,"column":41}},"18":{"start":{"line":136,"column":4},"end":{"line":143,"column":7}},"19":{"start":{"line":137,"column":6},"end":{"line":142,"column":7}},"20":{"start":{"line":138,"column":8},"end":{"line":138,"column":28}},"21":{"start":{"line":141,"column":8},"end":{"line":141,"column":55}},"22":{"start":{"line":146,"column":4},"end":{"line":146,"column":41}},"23":{"start":{"line":149,"column":4},"end":{"line":155,"column":7}},"24":{"start":{"line":150,"column":6},"end":{"line":154,"column":7}},"25":{"start":{"line":151,"column":8},"end":{"line":151,"column":28}},"26":{"start":{"line":157,"column":4},"end":{"line":157,"column":29}},"27":{"start":{"line":172,"column":4},"end":{"line":172,"column":38}},"28":{"start":{"line":174,"column":19},"end":{"line":174,"column":36}},"29":{"start":{"line":177,"column":4},"end":{"line":179,"column":5}},"30":{"start":{"line":178,"column":6},"end":{"line":178,"column":73}},"31":{"start":{"line":178,"column":38},"end":{"line":178,"column":71}},"32":{"start":{"line":180,"column":4},"end":{"line":182,"column":5}},"33":{"start":{"line":181,"column":6},"end":{"line":181,"column":69}},"34":{"start":{"line":181,"column":38},"end":{"line":181,"column":67}},"35":{"start":{"line":183,"column":4},"end":{"line":185,"column":5}},"36":{"start":{"line":184,"column":6},"end":{"line":184,"column":67}},"37":{"start":{"line":184,"column":38},"end":{"line":184,"column":65}},"38":{"start":{"line":186,"column":4},"end":{"line":188,"column":5}},"39":{"start":{"line":187,"column":6},"end":{"line":187,"column":67}},"40":{"start":{"line":187,"column":38},"end":{"line":187,"column":65}},"41":{"start":{"line":189,"column":4},"end":{"line":191,"column":5}},"42":{"start":{"line":190,"column":6},"end":{"line":190,"column":73}},"43":{"start":{"line":190,"column":38},"end":{"line":190,"column":71}},"44":{"start":{"line":192,"column":4},"end":{"line":194,"column":5}},"45":{"start":{"line":193,"column":6},"end":{"line":193,"column":71}},"46":{"start":{"line":193,"column":38},"end":{"line":193,"column":69}},"47":{"start":{"line":197,"column":20},"end":{"line":197,"column":51}},"48":{"start":{"line":198,"column":4},"end":{"line":200,"column":6}},"49":{"start":{"line":199,"column":6},"end":{"line":199,"column":79}},"50":{"start":{"line":203,"column":4},"end":{"line":203,"column":72}},"51":{"start":{"line":206,"column":19},"end":{"line":206,"column":38}},"52":{"start":{"line":207,"column":18},"end":{"line":207,"column":38}},"53":{"start":{"line":208,"column":4},"end":{"line":208,"column":50}},"54":{"start":{"line":222,"column":4},"end":{"line":222,"column":39}},"55":{"start":{"line":223,"column":4},"end":{"line":225,"column":6}},"56":{"start":{"line":224,"column":6},"end":{"line":224,"column":44}},"57":{"start":{"line":234,"column":4},"end":{"line":234,"column":48}},"58":{"start":{"line":245,"column":23},"end":{"line":245,"column":73}},"59":{"start":{"line":246,"column":24},"end":{"line":246,"column":43}},"60":{"start":{"line":248,"column":4},"end":{"line":254,"column":7}},"61":{"start":{"line":249,"column":6},"end":{"line":252,"column":7}},"62":{"start":{"line":250,"column":8},"end":{"line":250,"column":42}},"63":{"start":{"line":251,"column":8},"end":{"line":251,"column":21}},"64":{"start":{"line":253,"column":6},"end":{"line":253,"column":18}},"65":{"start":{"line":256,"column":20},"end":{"line":256,"column":53}},"66":{"start":{"line":258,"column":4},"end":{"line":260,"column":5}},"67":{"start":{"line":259,"column":6},"end":{"line":259,"column":61}},"68":{"start":{"line":262,"column":4},"end":{"line":262,"column":19}},"69":{"start":{"line":275,"column":20},"end":{"line":275,"column":51}},"70":{"start":{"line":277,"column":4},"end":{"line":279,"column":5}},"71":{"start":{"line":278,"column":6},"end":{"line":278,"column":46}},"72":{"start":{"line":281,"column":4},"end":{"line":322,"column":5}},"73":{"start":{"line":282,"column":6},"end":{"line":284,"column":7}},"74":{"start":{"line":283,"column":8},"end":{"line":283,"column":18}},"75":{"start":{"line":287,"column":22},"end":{"line":299,"column":8}},"76":{"start":{"line":301,"column":23},"end":{"line":301,"column":42}},"77":{"start":{"line":304,"column":6},"end":{"line":319,"column":7}},"78":{"start":{"line":305,"column":20},"end":{"line":317,"column":10}},"79":{"start":{"line":318,"column":8},"end":{"line":318,"column":37}},"80":{"start":{"line":321,"column":6},"end":{"line":321,"column":33}},"81":{"start":{"line":324,"column":4},"end":{"line":324,"column":60}},"82":{"start":{"line":332,"column":43},"end":{"line":332,"column":45}},"83":{"start":{"line":334,"column":4},"end":{"line":343,"column":5}},"84":{"start":{"line":335,"column":23},"end":{"line":335,"column":40}},"85":{"start":{"line":336,"column":6},"end":{"line":342,"column":7}},"86":{"start":{"line":336,"column":54},"end":{"line":336,"column":78}},"87":{"start":{"line":337,"column":8},"end":{"line":337,"column":38}},"88":{"start":{"line":338,"column":13},"end":{"line":342,"column":7}},"89":{"start":{"line":339,"column":8},"end":{"line":339,"column":66}},"90":{"start":{"line":341,"column":8},"end":{"line":341,"column":38}},"91":{"start":{"line":345,"column":4},"end":{"line":345,"column":21}},"92":{"start":{"line":353,"column":4},"end":{"line":353,"column":80}},"93":{"start":{"line":75,"column":0},"end":{"line":75,"column":13}}},"fnMap":{"0":{"name":"(anonymous_0)","decl":{"start":{"line":82,"column":2},"end":{"line":82,"column":14}},"loc":{"start":{"line":82,"column":41},"end":{"line":97,"column":3}}},"1":{"name":"(anonymous_1)","decl":{"start":{"line":96,"column":47},"end":{"line":96,"column":48}},"loc":{"start":{"line":96,"column":52},"end":{"line":96,"column":67}}},"2":{"name":"(anonymous_2)","decl":{"start":{"line":112,"column":2},"end":{"line":112,"column":7}},"loc":{"start":{"line":112,"column":60},"end":{"line":158,"column":3}}},"3":{"name":"(anonymous_3)","decl":{"start":{"line":136,"column":33},"end":{"line":136,"column":41}},"loc":{"start":{"line":136,"column":44},"end":{"line":143,"column":5}}},"4":{"name":"(anonymous_4)","decl":{"start":{"line":149,"column":33},"end":{"line":149,"column":41}},"loc":{"start":{"line":149,"column":44},"end":{"line":155,"column":5}}},"5":{"name":"(anonymous_5)","decl":{"start":{"line":171,"column":2},"end":{"line":171,"column":7}},"loc":{"start":{"line":171,"column":45},"end":{"line":209,"column":3}}},"6":{"name":"(anonymous_6)","decl":{"start":{"line":178,"column":33},"end":{"line":178,"column":34}},"loc":{"start":{"line":178,"column":38},"end":{"line":178,"column":71}}},"7":{"name":"(anonymous_7)","decl":{"start":{"line":181,"column":33},"end":{"line":181,"column":34}},"loc":{"start":{"line":181,"column":38},"end":{"line":181,"column":67}}},"8":{"name":"(anonymous_8)","decl":{"start":{"line":184,"column":33},"end":{"line":184,"column":34}},"loc":{"start":{"line":184,"column":38},"end":{"line":184,"column":65}}},"9":{"name":"(anonymous_9)","decl":{"start":{"line":187,"column":33},"end":{"line":187,"column":34}},"loc":{"start":{"line":187,"column":38},"end":{"line":187,"column":65}}},"10":{"name":"(anonymous_10)","decl":{"start":{"line":190,"column":33},"end":{"line":190,"column":34}},"loc":{"start":{"line":190,"column":38},"end":{"line":190,"column":71}}},"11":{"name":"(anonymous_11)","decl":{"start":{"line":193,"column":33},"end":{"line":193,"column":34}},"loc":{"start":{"line":193,"column":38},"end":{"line":193,"column":69}}},"12":{"name":"(anonymous_12)","decl":{"start":{"line":198,"column":18},"end":{"line":198,"column":19}},"loc":{"start":{"line":199,"column":6},"end":{"line":199,"column":79}}},"13":{"name":"(anonymous_13)","decl":{"start":{"line":221,"column":2},"end":{"line":221,"column":7}},"loc":{"start":{"line":221,"column":52},"end":{"line":226,"column":3}}},"14":{"name":"(anonymous_14)","decl":{"start":{"line":223,"column":11},"end":{"line":223,"column":14}},"loc":{"start":{"line":223,"column":16},"end":{"line":225,"column":5}}},"15":{"name":"(anonymous_15)","decl":{"start":{"line":233,"column":2},"end":{"line":233,"column":7}},"loc":{"start":{"line":233,"column":32},"end":{"line":235,"column":3}}},"16":{"name":"(anonymous_16)","decl":{"start":{"line":244,"column":2},"end":{"line":244,"column":7}},"loc":{"start":{"line":244,"column":37},"end":{"line":263,"column":3}}},"17":{"name":"(anonymous_17)","decl":{"start":{"line":248,"column":39},"end":{"line":248,"column":40}},"loc":{"start":{"line":248,"column":43},"end":{"line":254,"column":5}}},"18":{"name":"(anonymous_18)","decl":{"start":{"line":274,"column":2},"end":{"line":274,"column":7}},"loc":{"start":{"line":274,"column":66},"end":{"line":325,"column":3}}},"19":{"name":"(anonymous_19)","decl":{"start":{"line":331,"column":10},"end":{"line":331,"column":31}},"loc":{"start":{"line":331,"column":60},"end":{"line":346,"column":3}}},"20":{"name":"(anonymous_20)","decl":{"start":{"line":336,"column":45},"end":{"line":336,"column":50}},"loc":{"start":{"line":336,"column":54},"end":{"line":336,"column":78}}},"21":{"name":"(anonymous_21)","decl":{"start":{"line":352,"column":10},"end":{"line":352,"column":25}},"loc":{"start":{"line":352,"column":25},"end":{"line":354,"column":3}}}},"branchMap":{"0":{"loc":{"start":{"line":82,"column":14},"end":{"line":82,"column":41}},"type":"default-arg","locations":[{"start":{"line":82,"column":39},"end":{"line":82,"column":41}}]},"1":{"loc":{"start":{"line":85,"column":15},"end":{"line":85,"column":37}},"type":"binary-expr","locations":[{"start":{"line":85,"column":15},"end":{"line":85,"column":29}},{"start":{"line":85,"column":33},"end":{"line":85,"column":37}}]},"2":{"loc":{"start":{"line":86,"column":15},"end":{"line":86,"column":41}},"type":"binary-expr","locations":[{"start":{"line":86,"column":15},"end":{"line":86,"column":29}},{"start":{"line":86,"column":33},"end":{"line":86,"column":41}}]},"3":{"loc":{"start":{"line":87,"column":21},"end":{"line":87,"column":48}},"type":"binary-expr","locations":[{"start":{"line":87,"column":21},"end":{"line":87,"column":41}},{"start":{"line":87,"column":45},"end":{"line":87,"column":48}}]},"4":{"loc":{"start":{"line":88,"column":28},"end":{"line":88,"column":64}},"type":"binary-expr","locations":[{"start":{"line":88,"column":28},"end":{"line":88,"column":55}},{"start":{"line":88,"column":59},"end":{"line":88,"column":64}}]},"5":{"loc":{"start":{"line":95,"column":19},"end":{"line":95,"column":72}},"type":"binary-expr","locations":[{"start":{"line":95,"column":19},"end":{"line":95,"column":46}},{"start":{"line":95,"column":50},"end":{"line":95,"column":72}}]},"6":{"loc":{"start":{"line":113,"column":4},"end":{"line":115,"column":5}},"type":"if","locations":[{"start":{"line":113,"column":4},"end":{"line":115,"column":5}},{"start":{},"end":{}}]},"7":{"loc":{"start":{"line":124,"column":4},"end":{"line":126,"column":5}},"type":"if","locations":[{"start":{"line":124,"column":4},"end":{"line":126,"column":5}},{"start":{},"end":{}}]},"8":{"loc":{"start":{"line":124,"column":8},"end":{"line":124,"column":62}},"type":"binary-expr","locations":[{"start":{"line":124,"column":8},"end":{"line":124,"column":41}},{"start":{"line":124,"column":45},"end":{"line":124,"column":62}}]},"9":{"loc":{"start":{"line":171,"column":14},"end":{"line":171,"column":45}},"type":"default-arg","locations":[{"start":{"line":171,"column":43},"end":{"line":171,"column":45}}]},"10":{"loc":{"start":{"line":177,"column":4},"end":{"line":179,"column":5}},"type":"if","locations":[{"start":{"line":177,"column":4},"end":{"line":179,"column":5}},{"start":{},"end":{}}]},"11":{"loc":{"start":{"line":180,"column":4},"end":{"line":182,"column":5}},"type":"if","locations":[{"start":{"line":180,"column":4},"end":{"line":182,"column":5}},{"start":{},"end":{}}]},"12":{"loc":{"start":{"line":183,"column":4},"end":{"line":185,"column":5}},"type":"if","locations":[{"start":{"line":183,"column":4},"end":{"line":185,"column":5}},{"start":{},"end":{}}]},"13":{"loc":{"start":{"line":186,"column":4},"end":{"line":188,"column":5}},"type":"if","locations":[{"start":{"line":186,"column":4},"end":{"line":188,"column":5}},{"start":{},"end":{}}]},"14":{"loc":{"start":{"line":189,"column":4},"end":{"line":191,"column":5}},"type":"if","locations":[{"start":{"line":189,"column":4},"end":{"line":191,"column":5}},{"start":{},"end":{}}]},"15":{"loc":{"start":{"line":192,"column":4},"end":{"line":194,"column":5}},"type":"if","locations":[{"start":{"line":192,"column":4},"end":{"line":194,"column":5}},{"start":{},"end":{}}]},"16":{"loc":{"start":{"line":197,"column":20},"end":{"line":197,"column":51}},"type":"binary-expr","locations":[{"start":{"line":197,"column":20},"end":{"line":197,"column":41}},{"start":{"line":197,"column":45},"end":{"line":197,"column":51}}]},"17":{"loc":{"start":{"line":199,"column":6},"end":{"line":199,"column":79}},"type":"cond-expr","locations":[{"start":{"line":199,"column":26},"end":{"line":199,"column":51}},{"start":{"line":199,"column":54},"end":{"line":199,"column":79}}]},"18":{"loc":{"start":{"line":206,"column":19},"end":{"line":206,"column":38}},"type":"binary-expr","locations":[{"start":{"line":206,"column":19},"end":{"line":206,"column":33}},{"start":{"line":206,"column":37},"end":{"line":206,"column":38}}]},"19":{"loc":{"start":{"line":207,"column":18},"end":{"line":207,"column":38}},"type":"binary-expr","locations":[{"start":{"line":207,"column":18},"end":{"line":207,"column":31}},{"start":{"line":207,"column":35},"end":{"line":207,"column":38}}]},"20":{"loc":{"start":{"line":234,"column":11},"end":{"line":234,"column":47}},"type":"binary-expr","locations":[{"start":{"line":234,"column":11},"end":{"line":234,"column":39}},{"start":{"line":234,"column":43},"end":{"line":234,"column":47}}]},"21":{"loc":{"start":{"line":249,"column":6},"end":{"line":252,"column":7}},"type":"if","locations":[{"start":{"line":249,"column":6},"end":{"line":252,"column":7}},{"start":{},"end":{}}]},"22":{"loc":{"start":{"line":258,"column":4},"end":{"line":260,"column":5}},"type":"if","locations":[{"start":{"line":258,"column":4},"end":{"line":260,"column":5}},{"start":{},"end":{}}]},"23":{"loc":{"start":{"line":275,"column":37},"end":{"line":275,"column":50}},"type":"binary-expr","locations":[{"start":{"line":275,"column":37},"end":{"line":275,"column":44}},{"start":{"line":275,"column":48},"end":{"line":275,"column":50}}]},"24":{"loc":{"start":{"line":277,"column":4},"end":{"line":279,"column":5}},"type":"if","locations":[{"start":{"line":277,"column":4},"end":{"line":279,"column":5}},{"start":{},"end":{}}]},"25":{"loc":{"start":{"line":281,"column":4},"end":{"line":322,"column":5}},"type":"if","locations":[{"start":{"line":281,"column":4},"end":{"line":322,"column":5}},{"start":{},"end":{}}]},"26":{"loc":{"start":{"line":282,"column":6},"end":{"line":284,"column":7}},"type":"if","locations":[{"start":{"line":282,"column":6},"end":{"line":284,"column":7}},{"start":{},"end":{}}]},"27":{"loc":{"start":{"line":311,"column":10},"end":{"line":311,"column":31}},"type":"binary-expr","locations":[{"start":{"line":311,"column":10},"end":{"line":311,"column":25}},{"start":{"line":311,"column":29},"end":{"line":311,"column":31}}]},"28":{"loc":{"start":{"line":312,"column":10},"end":{"line":312,"column":30}},"type":"binary-expr","locations":[{"start":{"line":312,"column":10},"end":{"line":312,"column":24}},{"start":{"line":312,"column":28},"end":{"line":312,"column":30}}]},"29":{"loc":{"start":{"line":314,"column":10},"end":{"line":314,"column":67}},"type":"cond-expr","locations":[{"start":{"line":314,"column":24},"end":{"line":314,"column":62}},{"start":{"line":314,"column":65},"end":{"line":314,"column":67}}]},"30":{"loc":{"start":{"line":315,"column":10},"end":{"line":315,"column":31}},"type":"binary-expr","locations":[{"start":{"line":315,"column":10},"end":{"line":315,"column":25}},{"start":{"line":315,"column":29},"end":{"line":315,"column":31}}]},"31":{"loc":{"start":{"line":316,"column":10},"end":{"line":316,"column":75}},"type":"cond-expr","locations":[{"start":{"line":316,"column":28},"end":{"line":316,"column":70}},{"start":{"line":316,"column":73},"end":{"line":316,"column":75}}]},"32":{"loc":{"start":{"line":336,"column":6},"end":{"line":342,"column":7}},"type":"if","locations":[{"start":{"line":336,"column":6},"end":{"line":342,"column":7}},{"start":{"line":338,"column":13},"end":{"line":342,"column":7}}]},"33":{"loc":{"start":{"line":338,"column":13},"end":{"line":342,"column":7}},"type":"if","locations":[{"start":{"line":338,"column":13},"end":{"line":342,"column":7}},{"start":{"line":340,"column":13},"end":{"line":342,"column":7}}]},"34":{"loc":{"start":{"line":338,"column":17},"end":{"line":338,"column":74}},"type":"binary-expr","locations":[{"start":{"line":338,"column":17},"end":{"line":338,"column":49}},{"start":{"line":338,"column":53},"end":{"line":338,"column":74}}]}},"s":{"0":0,"1":0,"2":0,"3":0,"4":0,"5":0,"6":0,"7":0,"8":0,"9":0,"10":0,"11":0,"12":0,"13":0,"14":0,"15":0,"16":0,"17":0,"18":0,"19":0,"20":0,"21":0,"22":0,"23":0,"24":0,"25":0,"26":0,"27":0,"28":0,"29":0,"30":0,"31":0,"32":0,"33":0,"34":0,"35":0,"36":0,"37":0,"38":0,"39":0,"40":0,"41":0,"42":0,"43":0,"44":0,"45":0,"46":0,"47":0,"48":0,"49":0,"50":0,"51":0,"52":0,"53":0,"54":0,"55":0,"56":0,"57":0,"58":0,"59":0,"60":0,"61":0,"62":0,"63":0,"64":0,"65":0,"66":0,"67":0,"68":0,"69":0,"70":0,"71":0,"72":0,"73":0,"74":0,"75":0,"76":0,"77":0,"78":0,"79":0,"80":0,"81":0,"82":0,"83":0,"84":0,"85":0,"86":0,"87":0,"88":0,"89":0,"90":0,"91":0,"92":0,"93":0},"f":{"0":0,"1":0,"2":0,"3":0,"4":0,"5":0,"6":0,"7":0,"8":0,"9":0,"10":0,"11":0,"12":0,"13":0,"14":0,"15":0,"16":0,"17":0,"18":0,"19":0,"20":0,"21":0},"b":{"0":[0],"1":[0,0],"2":[0,0],"3":[0,0],"4":[0,0],"5":[0,0],"6":[0,0],"7":[0,0],"8":[0,0],"9":[0],"10":[0,0],"11":[0,0],"12":[0,0],"13":[0,0],"14":[0,0],"15":[0,0],"16":[0,0],"17":[0,0],"18":[0,0],"19":[0,0],"20":[0,0],"21":[0,0],"22":[0,0],"23":[0,0],"24":[0,0],"25":[0,0],"26":[0,0],"27":[0,0],"28":[0,0],"29":[0,0],"30":[0,0],"31":[0,0],"32":[0,0],"33":[0,0],"34":[0,0]}}
,"/home/runner/work/Universal-DJ-Layer/Universal-DJ-Layer/audit/change-history.ts": {"path":"/home/runner/work/Universal-DJ-Layer/Universal-DJ-Layer/audit/change-history.ts","statementMap":{"0":{"start":{"line":63,"column":10},"end":{"line":63,"column":39}},"1":{"start":{"line":64,"column":10},"end":{"line":64,"column":68}},"2":{"start":{"line":65,"column":10},"end":{"line":65,"column":66}},"3":{"start":{"line":68,"column":4},"end":{"line":72,"column":6}},"4":{"start":{"line":84,"column":33},"end":{"line":88,"column":6}},"5":{"start":{"line":96,"column":4},"end":{"line":96,"column":30}},"6":{"start":{"line":97,"column":4},"end":{"line":97,"column":31}},"7":{"start":{"line":98,"column":4},"end":{"line":98,"column":29}},"8":{"start":{"line":100,"column":4},"end":{"line":100,"column":27}},"9":{"start":{"line":114,"column":19},"end":{"line":114,"column":36}},"10":{"start":{"line":117,"column":4},"end":{"line":119,"column":5}},"11":{"start":{"line":118,"column":6},"end":{"line":118,"column":68}},"12":{"start":{"line":120,"column":4},"end":{"line":122,"column":5}},"13":{"start":{"line":121,"column":6},"end":{"line":121,"column":69}},"14":{"start":{"line":121,"column":38},"end":{"line":121,"column":67}},"15":{"start":{"line":123,"column":4},"end":{"line":125,"column":5}},"16":{"start":{"line":124,"column":6},"end":{"line":124,"column":75}},"17":{"start":{"line":124,"column":38},"end":{"line":124,"column":73}},"18":{"start":{"line":126,"column":4},"end":{"line":130,"column":5}},"19":{"start":{"line":127,"column":6},"end":{"line":129,"column":8}},"20":{"start":{"line":128,"column":8},"end":{"line":128,"column":63}},"21":{"start":{"line":131,"column":4},"end":{"line":133,"column":5}},"22":{"start":{"line":132,"column":6},"end":{"line":132,"column":73}},"23":{"start":{"line":132,"column":38},"end":{"line":132,"column":71}},"24":{"start":{"line":134,"column":4},"end":{"line":136,"column":5}},"25":{"start":{"line":135,"column":6},"end":{"line":135,"column":71}},"26":{"start":{"line":135,"column":38},"end":{"line":135,"column":69}},"27":{"start":{"line":139,"column":4},"end":{"line":139,"column":55}},"28":{"start":{"line":139,"column":28},"end":{"line":139,"column":53}},"29":{"start":{"line":142,"column":19},"end":{"line":142,"column":38}},"30":{"start":{"line":143,"column":18},"end":{"line":143,"column":38}},"31":{"start":{"line":144,"column":4},"end":{"line":144,"column":50}},"32":{"start":{"line":153,"column":4},"end":{"line":153,"column":54}},"33":{"start":{"line":162,"column":4},"end":{"line":162,"column":50}},"34":{"start":{"line":170,"column":4},"end":{"line":170,"column":67}},"35":{"start":{"line":170,"column":34},"end":{"line":170,"column":57}},"36":{"start":{"line":178,"column":4},"end":{"line":178,"column":56}},"37":{"start":{"line":187,"column":4},"end":{"line":187,"column":46}},"38":{"start":{"line":204,"column":4},"end":{"line":204,"column":39}},"39":{"start":{"line":212,"column":27},"end":{"line":212,"column":76}},"40":{"start":{"line":213,"column":4},"end":{"line":213,"column":32}},"41":{"start":{"line":214,"column":4},"end":{"line":214,"column":64}},"42":{"start":{"line":217,"column":25},"end":{"line":217,"column":70}},"43":{"start":{"line":218,"column":4},"end":{"line":218,"column":30}},"44":{"start":{"line":219,"column":4},"end":{"line":219,"column":58}},"45":{"start":{"line":226,"column":4},"end":{"line":231,"column":5}},"46":{"start":{"line":227,"column":23},"end":{"line":227,"column":68}},"47":{"start":{"line":229,"column":6},"end":{"line":229,"column":39}},"48":{"start":{"line":235,"column":4},"end":{"line":235,"column":77}},"49":{"start":{"line":61,"column":0},"end":{"line":61,"column":13}}},"fnMap":{"0":{"name":"(anonymous_0)","decl":{"start":{"line":67,"column":2},"end":{"line":67,"column":14}},"loc":{"start":{"line":67,"column":46},"end":{"line":76,"column":3}}},"1":{"name":"(anonymous_1)","decl":{"start":{"line":81,"column":2},"end":{"line":81,"column":7}},"loc":{"start":{"line":82,"column":56},"end":{"line":101,"column":3}}},"2":{"name":"(anonymous_2)","decl":{"start":{"line":106,"column":2},"end":{"line":106,"column":7}},"loc":{"start":{"line":106,"column":53},"end":{"line":145,"column":3}}},"3":{"name":"(anonymous_3)","decl":{"start":{"line":121,"column":33},"end":{"line":121,"column":34}},"loc":{"start":{"line":121,"column":38},"end":{"line":121,"column":67}}},"4":{"name":"(anonymous_4)","decl":{"start":{"line":124,"column":33},"end":{"line":124,"column":34}},"loc":{"start":{"line":124,"column":38},"end":{"line":124,"column":73}}},"5":{"name":"(anonymous_5)","decl":{"start":{"line":127,"column":33},"end":{"line":127,"column":34}},"loc":{"start":{"line":128,"column":8},"end":{"line":128,"column":63}}},"6":{"name":"(anonymous_6)","decl":{"start":{"line":132,"column":33},"end":{"line":132,"column":34}},"loc":{"start":{"line":132,"column":38},"end":{"line":132,"column":71}}},"7":{"name":"(anonymous_7)","decl":{"start":{"line":135,"column":33},"end":{"line":135,"column":34}},"loc":{"start":{"line":135,"column":38},"end":{"line":135,"column":69}}},"8":{"name":"(anonymous_8)","decl":{"start":{"line":139,"column":18},"end":{"line":139,"column":19}},"loc":{"start":{"line":139,"column":28},"end":{"line":139,"column":53}}},"9":{"name":"(anonymous_9)","decl":{"start":{"line":150,"column":2},"end":{"line":150,"column":7}},"loc":{"start":{"line":150,"column":43},"end":{"line":154,"column":3}}},"10":{"name":"(anonymous_10)","decl":{"start":{"line":159,"column":2},"end":{"line":159,"column":7}},"loc":{"start":{"line":159,"column":39},"end":{"line":163,"column":3}}},"11":{"name":"(anonymous_11)","decl":{"start":{"line":168,"column":2},"end":{"line":168,"column":7}},"loc":{"start":{"line":168,"column":34},"end":{"line":171,"column":3}}},"12":{"name":"(anonymous_12)","decl":{"start":{"line":170,"column":29},"end":{"line":170,"column":30}},"loc":{"start":{"line":170,"column":34},"end":{"line":170,"column":57}}},"13":{"name":"(anonymous_13)","decl":{"start":{"line":176,"column":2},"end":{"line":176,"column":7}},"loc":{"start":{"line":176,"column":45},"end":{"line":179,"column":3}}},"14":{"name":"(anonymous_14)","decl":{"start":{"line":184,"column":2},"end":{"line":184,"column":7}},"loc":{"start":{"line":184,"column":54},"end":{"line":188,"column":3}}},"15":{"name":"(anonymous_15)","decl":{"start":{"line":193,"column":2},"end":{"line":193,"column":7}},"loc":{"start":{"line":193,"column":21},"end":{"line":205,"column":3}}},"16":{"name":"(anonymous_16)","decl":{"start":{"line":210,"column":10},"end":{"line":210,"column":23}},"loc":{"start":{"line":210,"column":44},"end":{"line":220,"column":3}}},"17":{"name":"(anonymous_17)","decl":{"start":{"line":225,"column":10},"end":{"line":225,"column":27}},"loc":{"start":{"line":225,"column":27},"end":{"line":232,"column":3}}},"18":{"name":"(anonymous_18)","decl":{"start":{"line":234,"column":10},"end":{"line":234,"column":26}},"loc":{"start":{"line":234,"column":26},"end":{"line":236,"column":3}}}},"branchMap":{"0":{"loc":{"start":{"line":67,"column":14},"end":{"line":67,"column":46}},"type":"default-arg","locations":[{"start":{"line":67,"column":44},"end":{"line":67,"column":46}}]},"1":{"loc":{"start":{"line":69,"column":18},"end":{"line":69,"column":44}},"type":"binary-expr","locations":[{"start":{"line":69,"column":18},"end":{"line":69,"column":35}},{"start":{"line":69,"column":39},"end":{"line":69,"column":44}}]},"2":{"loc":{"start":{"line":70,"column":25},"end":{"line":70,"column":58}},"type":"binary-expr","locations":[{"start":{"line":70,"column":25},"end":{"line":70,"column":49}},{"start":{"line":70,"column":53},"end":{"line":70,"column":58}}]},"3":{"loc":{"start":{"line":71,"column":15},"end":{"line":71,"column":41}},"type":"binary-expr","locations":[{"start":{"line":71,"column":15},"end":{"line":71,"column":29}},{"start":{"line":71,"column":33},"end":{"line":71,"column":41}}]},"4":{"loc":{"start":{"line":106,"column":14},"end":{"line":106,"column":53}},"type":"default-arg","locations":[{"start":{"line":106,"column":51},"end":{"line":106,"column":53}}]},"5":{"loc":{"start":{"line":117,"column":4},"end":{"line":119,"column":5}},"type":"if","locations":[{"start":{"line":117,"column":4},"end":{"line":119,"column":5}},{"start":{},"end":{}}]},"6":{"loc":{"start":{"line":118,"column":17},"end":{"line":118,"column":67}},"type":"binary-expr","locations":[{"start":{"line":118,"column":17},"end":{"line":118,"column":61}},{"start":{"line":118,"column":65},"end":{"line":118,"column":67}}]},"7":{"loc":{"start":{"line":120,"column":4},"end":{"line":122,"column":5}},"type":"if","locations":[{"start":{"line":120,"column":4},"end":{"line":122,"column":5}},{"start":{},"end":{}}]},"8":{"loc":{"start":{"line":123,"column":4},"end":{"line":125,"column":5}},"type":"if","locations":[{"start":{"line":123,"column":4},"end":{"line":125,"column":5}},{"start":{},"end":{}}]},"9":{"loc":{"start":{"line":126,"column":4},"end":{"line":130,"column":5}},"type":"if","locations":[{"start":{"line":126,"column":4},"end":{"line":130,"column":5}},{"start":{},"end":{}}]},"10":{"loc":{"start":{"line":131,"column":4},"end":{"line":133,"column":5}},"type":"if","locations":[{"start":{"line":131,"column":4},"end":{"line":133,"column":5}},{"start":{},"end":{}}]},"11":{"loc":{"start":{"line":134,"column":4},"end":{"line":136,"column":5}},"type":"if","locations":[{"start":{"line":134,"column":4},"end":{"line":136,"column":5}},{"start":{},"end":{}}]},"12":{"loc":{"start":{"line":142,"column":19},"end":{"line":142,"column":38}},"type":"binary-expr","locations":[{"start":{"line":142,"column":19},"end":{"line":142,"column":33}},{"start":{"line":142,"column":37},"end":{"line":142,"column":38}}]},"13":{"loc":{"start":{"line":143,"column":18},"end":{"line":143,"column":38}},"type":"binary-expr","locations":[{"start":{"line":143,"column":18},"end":{"line":143,"column":31}},{"start":{"line":143,"column":35},"end":{"line":143,"column":38}}]},"14":{"loc":{"start":{"line":153,"column":11},"end":{"line":153,"column":53}},"type":"binary-expr","locations":[{"start":{"line":153,"column":11},"end":{"line":153,"column":47}},{"start":{"line":153,"column":51},"end":{"line":153,"column":53}}]},"15":{"loc":{"start":{"line":162,"column":11},"end":{"line":162,"column":49}},"type":"binary-expr","locations":[{"start":{"line":162,"column":11},"end":{"line":162,"column":43}},{"start":{"line":162,"column":47},"end":{"line":162,"column":49}}]},"16":{"loc":{"start":{"line":170,"column":11},"end":{"line":170,"column":66}},"type":"binary-expr","locations":[{"start":{"line":170,"column":11},"end":{"line":170,"column":58}},{"start":{"line":170,"column":62},"end":{"line":170,"column":66}}]},"17":{"loc":{"start":{"line":212,"column":27},"end":{"line":212,"column":76}},"type":"binary-expr","locations":[{"start":{"line":212,"column":27},"end":{"line":212,"column":70}},{"start":{"line":212,"column":74},"end":{"line":212,"column":76}}]},"18":{"loc":{"start":{"line":217,"column":25},"end":{"line":217,"column":70}},"type":"binary-expr","locations":[{"start":{"line":217,"column":25},"end":{"line":217,"column":64}},{"start":{"line":217,"column":68},"end":{"line":217,"column":70}}]},"19":{"loc":{"start":{"line":226,"column":4},"end":{"line":231,"column":5}},"type":"if","locations":[{"start":{"line":226,"column":4},"end":{"line":231,"column":5}},{"start":{},"end":{}}]}},"s":{"0":0,"1":0,"2":0,"3":0,"4":0,"5":0,"6":0,"7":0,"8":0,"9":0,"10":0,"11":0,"12":0,"13":0,"14":0,"15":0,"16":0,"17":0,"18":0,"19":0,"20":0,"21":0,"22":0,"23":0,"24":0,"25":0,"26":0,"27":0,"28":0,"29":0,"30":0,"31":0,"32":0,"33":0,"34":0,"35":0,"36":0,"37":0,"38":0,"39":0,"40":0,"41":0,"42":0,"43":0,"44":0,"45":0,"46":0,"47":0,"48":0,"49":0},"f":{"0":0,"1":0,"2":0,"3":0,"4":0,"5":0,"6":0,"7":0,"8":0,"9":0,"10":0,"11":0,"12":0,"13":0,"14":0,"15":0,"16":0,"17":0,"18":0},"b":{"0":[0],"1":[0,0],"2":[0,0],"3":[0,0],"4":[0],"5":[0,0],"6":[0,0],"7":[0,0],"8":[0,0],"9":[0,0],"10":[0,0],"11":[0,0],"12":[0,0],"13":[0,0],"14":[0,0],"15":[0,0],"16":[0,0],"17":[0,0],"18":[0,0],"19":[0,0]}}
,"/home/runner/work/Universal-DJ-Layer/Universal-DJ-Layer/audit/diff-engine.ts": {"path":"/home/runner/work/Universal-DJ-Layer/Universal-DJ-Layer/audit/diff-engine.ts","statementMap":{"0":{"start":{"line":64,"column":20},"end":{"line":64,"column":64}},"1":{"start":{"line":66,"column":4},"end":{"line":73,"column":6}},"2":{"start":{"line":69,"column":33},"end":{"line":69,"column":49}},"3":{"start":{"line":70,"column":35},"end":{"line":70,"column":54}},"4":{"start":{"line":71,"column":36},"end":{"line":71,"column":55}},"5":{"start":{"line":85,"column":34},"end":{"line":85,"column":36}},"6":{"start":{"line":94,"column":4},"end":{"line":94,"column":19}},"7":{"start":{"line":107,"column":4},"end":{"line":107,"column":39}},"8":{"start":{"line":118,"column":4},"end":{"line":127,"column":6}},"9":{"start":{"line":122,"column":40},"end":{"line":126,"column":8}},"10":{"start":{"line":138,"column":4},"end":{"line":138,"column":39}},"11":{"start":{"line":149,"column":4},"end":{"line":149,"column":39}},"12":{"start":{"line":157,"column":4},"end":{"line":157,"column":41}},"13":{"start":{"line":167,"column":23},"end":{"line":167,"column":67}},"14":{"start":{"line":167,"column":43},"end":{"line":167,"column":59}},"15":{"start":{"line":168,"column":25},"end":{"line":168,"column":72}},"16":{"start":{"line":168,"column":45},"end":{"line":168,"column":64}},"17":{"start":{"line":169,"column":26},"end":{"line":169,"column":73}},"18":{"start":{"line":169,"column":46},"end":{"line":169,"column":65}},"19":{"start":{"line":171,"column":18},"end":{"line":171,"column":20}},"20":{"start":{"line":172,"column":4},"end":{"line":172,"column":58}},"21":{"start":{"line":172,"column":24},"end":{"line":172,"column":58}},"22":{"start":{"line":173,"column":4},"end":{"line":173,"column":64}},"23":{"start":{"line":173,"column":26},"end":{"line":173,"column":64}},"24":{"start":{"line":174,"column":4},"end":{"line":174,"column":67}},"25":{"start":{"line":174,"column":27},"end":{"line":174,"column":67}},"26":{"start":{"line":176,"column":4},"end":{"line":176,"column":62}},"27":{"start":{"line":188,"column":4},"end":{"line":188,"column":39}},"28":{"start":{"line":201,"column":4},"end":{"line":201,"column":39}},"29":{"start":{"line":212,"column":4},"end":{"line":212,"column":39}},"30":{"start":{"line":223,"column":4},"end":{"line":223,"column":39}},"31":{"start":{"line":53,"column":0},"end":{"line":53,"column":13}}},"fnMap":{"0":{"name":"(anonymous_0)","decl":{"start":{"line":57,"column":2},"end":{"line":57,"column":8}},"loc":{"start":{"line":57,"column":64},"end":{"line":74,"column":3}}},"1"
[...]
ns":[{"start":{"line":89,"column":21},"end":{"line":89,"column":43}},{"start":{"line":89,"column":47},"end":{"line":89,"column":49}}]},"11":{"loc":{"start":{"line":103,"column":4},"end":{"line":105,"column":5}},"type":"if","locations":[{"start":{"line":103,"column":4},"end":{"line":105,"column":5}},{"start":{},"end":{}}]},"12":{"loc":{"start":{"line":107,"column":4},"end":{"line":109,"column":5}},"type":"if","locations":[{"start":{"line":107,"column":4},"end":{"line":109,"column":5}},{"start":{},"end":{}}]},"13":{"loc":{"start":{"line":111,"column":4},"end":{"line":113,"column":5}},"type":"if","locations":[{"start":{"line":111,"column":4},"end":{"line":113,"column":5}},{"start":{},"end":{}}]},"14":{"loc":{"start":{"line":116,"column":4},"end":{"line":118,"column":5}},"type":"if","locations":[{"start":{"line":116,"column":4},"end":{"line":118,"column":5}},{"start":{},"end":{}}]},"15":{"loc":{"start":{"line":116,"column":8},"end":{"line":116,"column":71}},"type":"binary-expr","locations":[{"start":{"line":116,"column":8},"end":{"line":116,"column":29}},{"start":{"line":116,"column":33},"end":{"line":116,"column":71}}]},"16":{"loc":{"start":{"line":121,"column":4},"end":{"line":123,"column":5}},"type":"if","locations":[{"start":{"line":121,"column":4},"end":{"line":123,"column":5}},{"start":{},"end":{}}]},"17":{"loc":{"start":{"line":121,"column":8},"end":{"line":121,"column":65}},"type":"binary-expr","locations":[{"start":{"line":121,"column":8},"end":{"line":121,"column":29}},{"start":{"line":121,"column":33},"end":{"line":121,"column":65}}]},"18":{"loc":{"start":{"line":126,"column":4},"end":{"line":129,"column":5}},"type":"if","locations":[{"start":{"line":126,"column":4},"end":{"line":129,"column":5}},{"start":{},"end":{}}]}},"s":{"0":0,"1":0,"2":0,"3":0,"4":0,"5":0,"6":0,"7":0,"8":0,"9":0,"10":0,"11":0,"12":0,"13":0,"14":0,"15":0,"16":0,"17":0,"18":0,"19":0,"20":0,"21":0,"22":0,"23":0,"24":0,"25":0,"26":0,"27":0,"28":0,"29":0,"30":0,"31":0,"32":0,"33":0,"34":0,"35":0,"36":0,"37":0,"38":0,"39":0,"40":0,"41":0,"42":0,"43":0,"44":0,"45":0,"46":0,"47":0,"48":0,"49":0,"50":0},"f":{"0":0,"1":0,"2":0,"3":0,"4":0,"5":0,"6":0,"7":0,"8":0,"9":0},"b":{"0":[0,0],"1":[0,0],"2":[0,0],"3":[0,0],"4":[0,0],"5":[0,0],"6":[0,0],"7":[0,0,0],"8":[0,0],"9":[0,0],"10":[0,0],"11":[0,0],"12":[0,0],"13":[0,0],"14":[0,0],"15":[0,0],"16":[0,0],"17":[0,0],"18":[0,0]}}
,"/home/runner/work/Universal-DJ-Layer/Universal-DJ-Layer/src/discs/theme-disc.ts": {"path":"/home/runner/work/Universal-DJ-Layer/Universal-DJ-Layer/src/discs/theme-disc.ts","statementMap":{"0":{"start":{"line":1,"column":0},"end":{"line":1,"column":36}},"1":{"start":{"line":2,"column":0},"end":{"line":2,"column":63}},"2":{"start":{"line":9,"column":35},"end":{"line":17,"column":6}},"3":{"start":{"line":19,"column":4},"end":{"line":19,"column":20}},"4":{"start":{"line":22,"column":4},"end":{"line":28,"column":6}},"5":{"start":{"line":32,"column":4},"end":{"line":32,"column":42}},"6":{"start":{"line":36,"column":4},"end":{"line":36,"column":41}},"7":{"start":{"line":41,"column":18},"end":{"line":45,"column":6}},"8":{"start":{"line":47,"column":4},"end":{"line":50,"column":6}},"9":{"start":{"line":55,"column":4},"end":{"line":57,"column":5}},"10":{"start":{"line":56,"column":6},"end":{"line":56,"column":19}},"11":{"start":{"line":59,"column":4},"end":{"line":61,"column":5}},"12":{"start":{"line":60,"column":6},"end":{"line":60,"column":19}},"13":{"start":{"line":63,"column":4},"end":{"line":65,"column":5}},"14":{"start":{"line":64,"column":6},"end":{"line":64,"column":19}},"15":{"start":{"line":67,"column":4},"end":{"line":67,"column":16}},"16":{"start":{"line":74,"column":4},"end":{"line":76,"column":5}},"17":{"start":{"line":75,"column":6},"end":{"line":75,"column":46}},"18":{"start":{"line":77,"column":4},"end":{"line":77,"column":55}},"19":{"start":{"line":84,"column":4},"end":{"line":84,"column":53}},"20":{"start":{"line":91,"column":4},"end":{"line":91,"column":50}},"21":{"start":{"line":7,"column":0},"end":{"line":7,"column":13}}},"fnMap":{"0":{"name":"(anonymous_0)","decl":{"start":{"line":8,"column":2},"end":{"line":8,"column":null}},"loc":{"start":{"line":8,"column":2},"end":{"line":29,"column":3}}},"1":{"name":"(anonymous_1)","decl":{"start":{"line":31,"column":2},"end":{"line":31,"column":7}},"loc":{"start":{"line":31,"column":18},"end":{"line":33,"column":3}}},"2":{"name":"(anonymous_2)","decl":{"start":{"line":35,"column":2},"end":{"line":35,"column":7}},"loc":{"start":{"line":35,"column":15},"end":{"line":37,"column":3}}},"3":{"name":"(anonymous_3)","decl":{"start":{"line":39,"column":2},"end":{"line":39,"column":7}},"loc":{"start":{"line":39,"column":28},"end":{"line":51,"column":3}}},"4":{"name":"(anonymous_4)","decl":{"start":{"line":53,"column":2},"end":{"line":53,"column":7}},"loc":{"start":{"line":53,"column":26},"end":{"line":68,"column":3}}},"5":{"name":"(anonymous_5)","decl":{"start":{"line":73,"column":2},"end":{"line":73,"column":17}},"loc":{"start":{"line":73,"column":47},"end":{"line":78,"column":3}}},"6":{"name":"(anonymous_6)","decl":{"start":{"line":83,"column":2},"end":{"line":83,"column":13}},"loc":{"start":{"line":83,"column":46},"end":{"line":85,"column":3}}},"7":{"name":"(anonymous_7)","decl":{"start":{"line":90,"column":2},"end":{"line":90,"column":13}},"loc":{"start":{"line":90,"column":64},"end":{"line":92,"column":3}}}},"branchMap":{"0":{"loc":{"start":{"line":55,"column":4},"end":{"line":57,"column":5}},"type":"if","locations":[{"start":{"line":55,"column":4},"end":{"line":57,"column":5}},{"start":{},"end":{}}]},"1":{"loc":{"start":{"line":55,"column":8},"end":{"line":55,"column":71}},"type":"binary-expr","locations":[{"start":{"line":55,"column":8},"end":{"line":55,"column":25}},{"start":{"line":55,"column":29},"end":{"line":55,"column":71}}]},"2":{"loc":{"start":{"line":59,"column":4},"end":{"line":61,"column":5}},"type":"if","locations":[{"start":{"line":59,"column":4},"end":{"line":61,"column":5}},{"start":{},"end":{}}]},"3":{"loc":{"start":{"line":59,"column":8},"end":{"line":59,"column":75}},"type":"binary-expr","locations":[{"start":{"line":59,"column":8},"end":{"line":59,"column":27}},{"start":{"line":59,"column":31},"end":{"line":59,"column":75}}]},"4":{"loc":{"start":{"line":63,"column":4},"end":{"line":65,"column":5}},"type":"if","locations":[{"start":{"line":63,"column":4},"end":{"line":65,"column":5}},{"start":{},"end":{}}]},"5":{"loc":{"start":{"line":63,"column":8},"end":{"line":63,"column":78}},"type":"binary-expr","locations":[{"start":{"line":63,"column":8},"end":{"line":63,"column":21}},{"start":{"line":63,"column":25},"end":{"line":63,"column":78}}]},"6":{"loc":{"start":{"line":74,"column":4},"end":{"line":76,"column":5}},"type":"if","locations":[{"start":{"line":74,"column":4},"end":{"line":76,"column":5}},{"start":{},"end":{}}]}},"s":{"0":0,"1":0,"2":0,"3":0,"4":0,"5":0,"6":0,"7":0,"8":0,"9":0,"10":0,"11":0,"12":0,"13":0,"14":0,"15":0,"16":0,"17":0,"18":0,"19":0,"20":0,"21":0},"f":{"0":0,"1":0,"2":0,"3":0,"4":0,"5":0,"6":0,"7":0},"b":{"0":[0,0],"1":[0,0],"2":[0,0],"3":[0,0],"4":[0,0],"5":[0,0],"6":[0,0]}}
,"/home/runner/work/Universal-DJ-Layer/Universal-DJ-Layer/src/engine/DJEngine.ts": {"path":"/home/runner/work/Universal-DJ-Layer/Universal-DJ-Layer/src/engine/DJEngine.ts","statementMap":{"0":{"start":{"line":1,"column":0},"end":{"line":1,"column":48}},"1":{"start":{"line":16,"column":4},"end":{"line":16,"column":37}},"2":{"start":{"line":17,"column":4},"end":{"line":17,"column":33}},"3":{"start":{"line":18,"column":4},"end":{"line":18,"column":23}},"4":{"start":{"line":19,"column":4},"end":{"line":19,"column":30}},"5":{"start":{"line":20,"column":4},"end":{"line":20,"column":28}},"6":{"start":{"line":23,"column":4},"end":{"line":29,"column":7}},"7":{"start":{"line":31,"column":4},"end":{"line":34,"column":7}},"8":{"start":{"line":41,"column":4},"end":{"line":41,"column":30}},"9":{"start":{"line":42,"column":4},"end":{"line":42,"column":28}},"10":{"start":{"line":43,"column":4},"end":{"line":43,"column":57}},"11":{"start":{"line":53,"column":4},"end":{"line":53,"column":28}},"12":{"start":{"line":56,"column":4},"end":{"line":58,"column":5}},"13":{"start":{"line":57,"column":6},"end":{"line":57,"column":67}},"14":{"start":{"line":61,"column":4},"end":{"line":61,"column":46}},"15":{"start":{"line":63,"column":4},"end":{"line":67,"column":7}},"16":{"start":{"line":77,"column":17},"end":{"line":77,"column":47}},"17":{"start":{"line":78,"column":4},"end":{"line":80,"column":5}},"18":{"start":{"line":79,"column":6},"end":{"line":79,"column":58}},"19":{"start":{"line":83,"column":4},"end":{"line":85,"column":5}},"20":{"start":{"line":84,"column":6},"end":{"line":84,"column":58}},"21":{"start":{"line":88,"column":4},"end":{"line":92,"column":5}},"22":{"start":{"line":89,"column":6},"end":{"line":91,"column":8}},"23":{"start":{"line":95,"column":4},"end":{"line":95,"column":31}},"24":{"start":{"line":97,"column":4},"end":{"line":99,"column":7}},"25":{"start":{"line":102,"column":4},"end":{"line":104,"column":5}},"26":{"start":{"line":103,"column":6},"end":{"line":103,"column":21}},"27":{"start":{"line":114,"column":17},"end":{"line":114,"column":47}},"28":{"start":{"line":115,"column":4},"end":{"line":117,"column":5}},"29":{"start":{"line":116,"column":6},"end":{"line":116,"column":58}},"30":{"start":{"line":120,"column":4},"end":{"line":122,"column":5}},"31":{"start":{"line":121,"column":6},"end":{"line":121,"column":54}},"32":{"start":{"line":125,"column":4},"end":{"line":129,"column":5}},"33":{"start":{"line":126,"column":6},"end":{"line":128,"column":8}},"34":{"start":{"line":132,"column":4},"end":{"line":132,"column":34}},"35":{"start":{"line":134,"column":4},"end":{"line":136,"column":7}},"36":{"start":{"line":147,"column":4},"end":{"line":149,"column":5}},"37":{"start":{"line":148,"column":6},"end":{"line":148,"column":19}},"38":{"start":{"line":152,"column":22},"end":{"line":152,"column":55}},"39":{"start":{"line":153,"column":4},"end":{"line":153,"column":25}},"40":{"start":{"line":160,"column":4},"end":{"line":160,"column":42}},"41":{"start":{"line":167,"column":4},"end":{"line":167,"column":53}},"42":{"start":{"line":174,"column":4},"end":{"line":174,"column":40}},"43":{"start":{"line":181,"column":4},"end":{"line":181,"column":38}},"44":{"start":{"line":188,"column":4},"end":{"line":188,"column":30}},"45":{"start":{"line":196,"column":4},"end":{"line":198,"column":5}},"46":{"start":{"line":197,"column":6},"end":{"line":197,"column":47}},"47":{"start":{"line":200,"column":4},"end":{"line":202,"column":5}},"48":{"start":{"line":201,"column":6},"end":{"line":201,"column":48}},"49":{"start":{"line":204,"column":4},"end":{"line":206,"column":5}},"50":{"start":{"line":205,"column":6},"end":{"line":205,"column":66}},"51":{"start":{"line":208,"column":4},"end":{"line":210,"column":5}},"52":{"start":{"line":209,"column":6},"end":{"line":209,"column":59}},"53":{"start":{"line":217,"column":28},"end":{"line":224,"column":6}},"54":{"start":{"line":226,"column":4},"end":{"line":226,"column":30}},"55":{"start":{"line":229,"column":4},"end":{"line":233,"column":6}},"56":{"start":{"line":7,"column":0},"end":{"line":7,"column":13}}},"fnMap":{"0":{"name":"(anonymous_0)","decl":{"start":{"line":15,"column":2},"end":{"line":15,"column":14}},"loc":{"start":{"line":15,"column":65},"end":{"line":35,"column":3}}},"1":{"name":"(anonymous_1)","decl":{"start":{"line":40,"column":2},"end":{"line":40,"column":10}},"loc":{"start":{"line":40,"column":36},"end":{"line":44,"column":3}}},"2":{"name":"(anonymous_2)","decl":{"start":{"line":51,"column":2},"end":{"line":51,"column":14}},"loc":{"start":{"line":51,"column":25},"end":{"line":68,"column":3}}},"3":{"name":"(anonymous_3)","decl":{"start":{"line":75,"column":2},"end":{"line":75,"column":14}},"loc":{"start":{"line":75,"column":27},"end":{"line":105,"column":3}}},"4":{"name":"(anonymous_4)","decl":{"start":{"line":112,"column":2},"end":{"line":112,"column":16}},"loc":{"start":{"line":112,"column":29},"end":{"line":137,"column":3}}},"5":{"name":"(anonymous_5)","decl":{"start":{"line":145,"column":2},"end":{"line":145,"column":12}},"loc":{"start":{"line":145,"column":35},"end":{"line":154,"column":3}}},"6":{"name":"(anonymous_6)","decl":{"start":{"line":159,"column":2},"end":{"line":159,"column":9}},"loc":{"start":{"line":159,"column":22},"end":{"line":161,"column":3}}},"7":{"name":"(anonymous_7)","decl":{"start":{"line":166,"column":2},"end":{"line":166,"column":20}},"loc":{"start":{"line":166,"column":20},"end":{"line":168,"column":3}}},"8":{"name":"(anonymous_8)","decl":{"start":{"line":173,"column":2},"end":{"line":173,"column":16}},"loc":{"start":{"line":173,"column":16},"end":{"line":175,"column":3}}},"9":{"name":"(anonymous_9)","decl":{"start":{"line":180,"column":2},"end":{"line":180,"column":14}},"loc":{"start":{"line":180,"column":27},"end":{"line":182,"column":3}}},"10":{"name":"(anonymous_10)","decl":{"start":{"line":187,"column":2},"end":{"line":187,"column":13}},"loc":{"start":{"line":187,"column":13},"end":{"line":189,"column":3}}},"11":{"name":"(anonymous_11)","decl":{"start":{"line":195,"column":10},"end":{"line":195,"column":22}},"loc":{"start":{"line":195,"column":33},"end":{"line":211,"column":3}}},"12":{"name":"(anonymous_12)","decl":{"start":{"line":216,"column":10},"end":{"line":216,"column":13}},"loc":{"start":{"line":216,"column":81},"end":{"line":234,"column":3}}}},"branchMap":{"0":{"loc":{"start":{"line":15,"column":14},"end":{"line":15,"column":38}},"type":"default-arg","locations":[{"start":{"line":15,"column":30},"end":{"line":15,"column":38}}]},"1":{"loc":{"start":{"line":15,"column":40},"end":{"line":15,"column":65}},"type":"default-arg","locations":[{"start":{"line":15,"column":53},"end":{"line":15,"column":65}}]},"2":{"loc":{"start":{"line":56,"column":4},"end":{"line":58,"column":5}},"type":"if","locations":[{"start":{"line":56,"column":4},"end":{"line":58,"column":5}},{"start":{},"end":{}}]},"3":{"loc":{"start":{"line":78,"column":4},"end":{"line":80,"column":5}},"type":"if","locations":[{"start":{"line":78,"column":4},"end":{"line":80,"column":5}},{"start":{},"end":{}}]},"4":{"loc":{"start":{"line":83,"column":4},"end":{"line":85,"column":5}},"type":"if","locations":[{"start":{"line":83,"column":4},"end":{"line":85,"column":5}},{"start":{},"end":{}}]},"5":{"loc":{"start":{"line":88,"column":4},"end":{"line":92,"column":5}},"type":"if","locations":[{"start":{"line":88,"column":4},"end":{"line":92,"column":5}},{"start":{},"end":{}}]},"6":{"loc":{"start":{"line":102,"column":4},"end":{"line":104,"column":5}},"type":"if","locations":[{"start":{"line":102,"column":4},"end":{"line":104,"column":5}},{"start":{},"end":{}}]},"7":{"loc":{"start":{"line":115,"column":4},"end":{"line":117,"column":5}},"type":"if","locations":[{"start":{"line":115,"column":4},"end":{"line":117,"column":5}},{"start":{},"end":{}}]},"8":{"loc":{"start":{"line":120,"column":4},"end":{"line":122,"column":5}},"type":"if","locations":[{"start":{"line":120,"column":4},"end":{"line":122,"column":5}},{"start":{},"end":{}}]},"9":{"loc":{"start":{"line":125,"column":4},"end":{"line":129,"column":5}},"type":"if","locations":[{"start":{"line":125,"column":4},"end":{"line":129,"column":5}},{"start":{},"end":{}}]},"10":{"loc":{"start":{"line":147,"column":4},"end":{"line":149,"column":5}},"type":"if","locations":[{"start":{"line":147,"column":4},"end":{"line":149,"column":5}},{"start":{},"end":{}}]},"11":{"loc":{"start":{"line":152,"column":22},"end":{"line":152,"column":55}},"type":"binary-expr","locations":[{"start":{"line":152,"column":22},"end":{"line":152,"column":50}},{"start":{"line":152,"column":54},"end":{"line":152,"column":55}}]},"12":{"loc":{"start":{"line":196,"column":4},"end":{"line":198,"column":5}},"type":"if","locations":[{"start":{"line":196,"column":4},"end":{"line":198,"column":5}},{"start":{},"end":{}}]},"13":{"loc":{"start":{"line":196,"column":8},"end":{"line":196,"column":45}},"type":"binary-expr","locations":[{"start":{"line":196,"column":8},"end":{"line":196,"column":18}},{"start":{"line":196,"column":22},"end":{"line":196,"column":45}}]},"14":{"loc":{"start":{"line":200,"column":4},"end":{"line":202,"column":5}},"type":"if","locations":[{"start":{"line":200,"column":4},"end":{"line":202,"column":5}},{"start":{},"end":{}}]},"15":{"loc":{"start":{"line":204,"column":4},"end":{"line":206,"column":5}},"type":"if","locations":[{"start":{"line":204,"column":4},"end":{"line":206,"column":5}},{"start":{},"end":{}}]},"16":{"loc":{"start":{"line":204,"column":8},"end":{"line":204,"column":60}},"type":"binary-expr","locations":[{"start":{"line":204,"column":8},"end":{"line":204,"column":26}},{"start":{"line":204,"column":30},"end":{"line":204,"column":60}}]},"17":{"loc":{"start":{"line":208,"column":4},"end":{"line":210,"column":5}},"type":"if","locations":[{"start":{"line":208,"column":4},"end":{"line":210,"column":5}},{"start":{},"end":{}}]},"18":{"loc":{"start":{"line":208,"column":8},"end":{"line":208,"column":67}},"type":"binary-expr","locations":[{"start":{"line":208,"column":8},"end":{"line":208,"column":38}},{"start":{"line":208,"column":42},"end":{"line":208,"column":67}}]},"19":{"loc":{"start":{"line":231,"column":8},"end":{"line":231,"column":null}},"type":"cond-expr","locations":[{"start":{"line":231,"column":19},"end":{"line":231,"column":35}},{"start":{"line":231,"column":38},"end":{"line":231,"column":null}}]}},"s":{"0":0,"1":0,"2":0,"3":0,"4":0,"5":0,"6":0,"7":0,"8":0,"9":0,"10":0,"11":0,"12":0,"13":0,"14":0,"15":0,"16":0,"17":0,"18":0,"19":0,"20":0,"21":0,"22":0,"23":0,"24":0,"25":0,"26":0,"27":0,"28":0,"29":0,"30":0,"31":0,"32":0,"33":0,"34":0,"35":0,"36":0,"37":0,"38":0,"39":0,"40":0,"41":0,"42":0,"43":0,"44":0,"45":0,"46":0,"47":0,"48":0,"49":0,"50":0,"51":0,"52":0,"53":0,"54":0,"55":0,"56":0},"f":{"0":0,"1":0,"2":0,"3":0,"4":0,"5":0,"6":0,"7":0,"8":0,"9":0,"10":0,"11":0,"12":0},"b":{"0":[0],"1":[0],"2":[0,0],"3":[0,0],"4":[0,0],"5":[0,0],"6":[0,0],"7":[0,0],"8":[0,0],"9":[0,0],"10":[0,0],"11":[0,0],"12":[0,0],"13":[0,0],"14":[0,0],"15":[0,0],"16":[0,0],"17":[0,0],"18":[0,0],"19":[0,0]}}
,"/home/runner/work/Universal-DJ-Layer/Universal-DJ-Layer/src/types/index.ts": {"path":"/home/runner/work/Universal-DJ-Layer/Universal-DJ-Layer/src/types/index.ts","statementMap":{"0":{"start":{"line":5,"column":0},"end":{"line":5,"column":null}},"1":{"start":{"line":6,"column":2},"end":{"line":6,"column":null}},"2":{"start":{"line":7,"column":2},"end":{"line":7,"column":null}},"3":{"start":{"line":8,"column":2},"end":{"line":8,"column":null}},"4":{"start":{"line":9,"column":2},"end":{"line":9,"column":null}},"5":{"start":{"line":10,"column":2},"end":{"line":10,"column":null}},"6":{"start":{"line":16,"column":0},"end":{"line":16,"column":null}},"7":{"start":{"line":17,"column":2},"end":{"line":17,"column":null}},"8":{"start":{"line":18,"column":2},"end":{"line":18,"column":null}},"9":{"start":{"line":19,"column":2},"end":{"line":19,"column":null}}},"fnMap":{"0":{"name":"(anonymous_0)","decl":{"start":{"line":5,"column":0},"end":{"line":5,"column":12}},"loc":{"start":{"line":5,"column":16},"end":{"line":11,"column":1}}},"1":{"name":"(anonymous_1)","decl":{"start":{"line":16,"column":0},"end":{"line":16,"column":12}},"loc":{"start":{"line":16,"column":17},"end":{"line":20,"column":1}}}},"branchMap":{"0":{"loc":{"start":{"line":5,"column":12},"end":{"line":5,"column":null}},"type":"binary-expr","locations":[{"start":{"line":5,"column":12},"end":{"line":5,"column":16}},{"start":{"line":5,"column":16},"end":{"line":5,"column":null}}]},"1":{"loc":{"start":{"line":16,"column":12},"end":{"line":16,"column":null}},"type":"binary-expr","locations":[{"start":{"line":16,"column":12},"end":{"line":16,"column":17}},{"start":{"line":16,"column":17},"end":{"line":16,"column":null}}]}},"s":{"0":0,"1":0,"2":0,"3":0,"4":0,"5":0,"6":0,"7":0,"8":0,"9":0},"f":{"0":0,"1":0},"b":{"0":[0,0],"1":[0,0]}}
}
