TN:
SF:api/apply-control.ts
FN:37,applyControl
FNF:1
FNH:1
FNDA:16,applyControl
DA:11,2
DA:12,2
DA:13,2
DA:37,2
DA:44,16
DA:45,15
DA:48,14
DA:49,14
DA:50,2
DA:55,12
DA:56,3
DA:63,3
DA:64,2
DA:70,10
DA:71,2
DA:75,2
DA:78,10
DA:80,10
DA:85,8
DA:86,1
DA:97,8
DA:105,2
DA:106,1
DA:107,1
DA:110,0
DA:115,2
DA:116,1
DA:127,2
LF:28
LH:27
BRDA:41,0,0,14
BRDA:49,1,0,2
BRDA:49,1,1,12
BRDA:55,2,0,3
BRDA:55,2,1,9
BRDA:63,3,0,2
BRDA:63,3,1,1
BRDA:70,4,0,2
BRDA:70,4,1,8
BRDA:85,5,0,1
BRDA:85,5,1,7
BRDA:100,6,0,8
BRDA:100,6,1,7
BRDA:105,7,0,1
BRDA:105,7,1,1
BRDA:105,8,0,2
BRDA:105,8,1,1
BRDA:115,9,0,1
BRDA:115,9,1,1
BRDA:123,10,0,1
BRDA:123,10,1,0
BRDA:128,11,0,2
BRDA:128,11,1,0
BRF:23
BRH:21
end_of_record
TN:
SF:api/control-api.ts
FN:60,(anonymous_0)
FN:74,(anonymous_1)
FN:93,(anonymous_2)
FN:111,(anonymous_3)
FN:128,(anonymous_4)
FN:145,(anonymous_5)
FNF:6
FNH:6
FNDA:10,(anonymous_0)
FNDA:3,(anonymous_1)
FNDA:3,(anonymous_2)
FNDA:3,(anonymous_3)
FNDA:3,(anonymous_4)
FNDA:1,(anonymous_5)
DA:22,1
DA:23,1
DA:24,1
DA:25,1
DA:26,1
DA:59,1
DA:60,10
DA:79,3
DA:98,3
DA:116,3
DA:132,3
DA:149,1
LF:12
LH:12
BRF:0
BRH:0
end_of_record
TN:
SF:api/errors.ts
FN:12,(anonymous_0)
FN:27,(anonymous_1)
FN:38,(anonymous_2)
FN:49,(anonymous_3)
FN:60,(anonymous_4)
FN:71,(anonymous_5)
FNF:6
FNH:6
FNDA:69,(anonymous_0)
FNDA:14,(anonymous_1)
FNDA:5,(anonymous_2)
FNDA:8,(anonymous_3)
FNDA:5,(anonymous_4)
FNDA:34,(anonymous_5)
DA:11,8
DA:14,69
DA:15,69
DA:17,69
DA:18,69
DA:19,69
DA:26,8
DA:28,14
DA:29,14
DA:30,14
DA:37,8
DA:39,5
DA:40,5
DA:41,5
DA:48,8
DA:50,8
DA:51,8
DA:52,8
DA:59,8
DA:61,5
DA:62,5
DA:63,5
DA:70,8
DA:72,34
DA:73,34
DA:74,34
LF:26
LH:26
BRF:0
BRH:0
end_of_record
TN:
SF:api/get-control.ts
FN:32,getControl
FN:56,(anonymous_1)
FNF:2
FNH:2
FNDA:15,getControl
FNDA:1,(anonymous_1)
DA:10,2
DA:11,2
DA:12,2
DA:32,2
DA:38,15
DA:39,14
DA:42,13
DA:45,13
DA:46,2
DA:51,11
DA:52,10
DA:55,1
DA:56,1
DA:59,11
DA:60,2
DA:64,9
DA:81,9
DA:82,2
DA:86,7
DA:87,7
DA:88,1
DA:89,1
DA:93,1
DA:96,0
DA:102,7
DA:103,1
DA:104,1
DA:107,0
DA:108,0
DA:113,7
DA:114,7
DA:115,1
DA:117,6
DA:122,7
DA:123,7
DA:124,1
DA:126,6
DA:131,7
LF:38
LH:35
BRDA:42,0,0,13
BRDA:42,0,1,2
BRDA:42,0,2,2
BRDA:45,1,0,2
BRDA:45,1,1,11
BRDA:51,2,0,10
BRDA:51,2,1,1
BRDA:59,3,0,2
BRDA:59,3,1,9
BRDA:66,4,0,9
BRDA:66,4,1,9
BRDA:67,5,0,9
BRDA:67,5,1,0
BRDA:69,6,0,9
BRDA:69,6,1,0
BRDA:74,7,0,9
BRDA:74,7,1,0
BRDA:75,8,0,9
BRDA:75,8,1,0
BRDA:81,9,0,2
BRDA:81,9,1,7
BRDA:87,10,0,1
BRDA:87,10,1,6
BRDA:102,11,0,1
BRDA:102,11,1,6
BRDA:114,12,0,1
BRDA:114,12,1,6
BRDA:117,13,0,6
BRDA:117,13,1,0
BRDA:117,13,2,0
BRDA:123,14,0,1
BRDA:123,14,1,6
BRDA:126,15,0,6
BRDA:126,15,1,0
BRDA:126,15,2,0
BRF:35
BRH:27
end_of_record
TN:
SF:api/index.ts
FN:10,(anonymous_0)
FN:11,(anonymous_1)
FN:12,(anonymous_2)
FN:13,(anonymous_3)
FN:14,(anonymous_4)
FN:17,(anonymous_5)
FN:32,(anonymous_6)
FN:36,(anonymous_7)
FN:37,(anonymous_8)
FN:38,(anonymous_9)
FN:39,(anonymous_10)
FN:40,(anonymous_11)
FN:41,(anonymous_12)
FN:46,(anonymous_13)
FN:47,(anonymous_14)
FN:48,(anonymous_15)
FN:49,(anonymous_16)
FNF:17
FNH:0
FNDA:0,(anonymous_0)
FNDA:0,(anonymous_1)
FNDA:0,(anonymous_2)
FNDA:0,(anonymous_3)
FNDA:0,(anonymous_4)
FNDA:0,(anonymous_5)
FNDA:0,(anonymous_6)
FNDA:0,(anonymous_7)
FNDA:0,(anonymous_8)
FNDA:0,(anonymous_9)
FNDA:0,(anonymous_10)
FNDA:0,(anonymous_11)
FNDA:0,(anonymous_12)
FNDA:0,(anonymous_13)
FNDA:0,(anonymous_14)
FNDA:0,(anonymous_15)
FNDA:0,(anonymous_16)
DA:10,0
DA:11,0
DA:12,0
DA:13,0
DA:14,0
DA:17,0
DA:32,0
DA:35,0
DA:36,0
DA:37,0
DA:38,0
DA:39,0
DA:40,0
DA:41,0
DA:45,0
DA:46,0
DA:47,0
DA:48,0
DA:49,0
LF:19
LH:0
BRF:0
BRH:0
end_of_record
TN:
SF:api/list-controls.ts
FN:30,listControls
FN:52,(anonymous_1)
FN:68,(anonymous_2)
FN:74,(anonymous_3)
FNF:4
FNH:4
FNDA:14,listControls
FNDA:109,(anonymous_1)
FNDA:109,(anonymous_2)
FNDA:109,(anonymous_3)
DA:10,2
DA:11,2
DA:12,2
DA:30,2
DA:36,14
DA:37,13
DA:40,13
DA:41,2
DA:45,11
DA:52,109
DA:68,11
DA:69,109
DA:73,11
DA:76,109
DA:77,109
DA:78,1
DA:81,108
DA:87,109
DA:88,109
DA:89,1
DA:92,108
DA:97,109
DA:106,11
DA:107,11
DA:108,11
DA:109,11
DA:110,11
DA:112,11
LF:28
LH:28
BRDA:33,0,0,10
BRDA:37,1,0,13
BRDA:37,1,1,2
BRDA:37,1,2,2
BRDA:40,2,0,2
BRDA:40,2,1,11
BRDA:46,3,0,11
BRDA:46,3,1,9
BRDA:48,4,0,1
BRDA:48,4,1,10
BRDA:55,5,0,109
BRDA:55,5,1,1
BRDA:57,6,0,109
BRDA:57,6,1,1
BRDA:62,7,0,109
BRDA:62,7,1,0
BRDA:63,8,0,109
BRDA:63,8,1,0
BRDA:77,9,0,1
BRDA:77,9,1,108
BRDA:81,10,0,108
BRDA:81,10,1,0
BRDA:81,10,2,0
BRDA:88,11,0,1
BRDA:88,11,1,108
BRDA:92,12,0,108
BRDA:92,12,1,0
BRDA:92,12,2,0
BRDA:106,13,0,11
BRDA:106,13,1,9
BRDA:107,14,0,11
BRDA:107,14,1,9
BRF:32
BRH:26
end_of_record
TN:
SF:api/preview-control.ts
FN:36,previewControl
FNF:1
FNH:1
FNDA:14,previewControl
DA:11,2
DA:12,2
DA:13,2
DA:36,2
DA:43,14
DA:44,13
DA:47,12
DA:49,12
DA:50,2
DA:55,10
DA:56,4
DA:61,4
DA:64,10
DA:67,10
DA:68,10
DA:69,10
DA:71,10
DA:73,1
DA:75,1
DA:76,1
DA:80,1
DA:81,1
DA:82,1
DA:83,1
DA:87,9
DA:88,8
DA:89,8
DA:90,8
DA:94,9
DA:95,1
DA:106,9
DA:114,10
DA:115,4
DA:116,4
DA:119,0
LF:35
LH:34
BRDA:40,0,0,13
BRDA:47,1,0,12
BRDA:47,1,1,2
BRDA:49,2,0,2
BRDA:49,2,1,10
BRDA:55,3,0,4
BRDA:55,3,1,6
BRDA:71,4,0,1
BRDA:71,4,1,9
BRDA:71,5,0,10
BRDA:71,5,1,1
BRDA:75,6,0,1
BRDA:75,6,1,0
BRDA:80,7,0,1
BRDA:80,7,1,0
BRDA:83,8,0,1
BRDA:83,8,1,0
BRDA:89,9,0,8
BRDA:89,9,1,0
BRDA:94,10,0,1
BRDA:94,10,1,8
BRDA:110,11,0,9
BRDA:110,11,1,8
BRDA:110,11,2,0
BRDA:114,12,0,4
BRDA:114,12,1,6
BRDA:114,13,0,10
BRDA:114,13,1,4
BRF:28
BRH:23
end_of_record
TN:
SF:api/revert-control.ts
FN:32,revertControl
FNF:1
FNH:1
FNDA:15,revertControl
DA:9,2
DA:10,2
DA:11,2
DA:32,2
DA:39,15
DA:40,14
DA:43,13
DA:45,13
DA:46,2
DA:50,11
DA:51,2
DA:52,2
DA:53,2
DA:60,9
DA:61,3
DA:62,3
DA:63,2
DA:65,1
DA:68,6
DA:72,7
DA:75,7
DA:76,1
DA:86,7
LF:23
LH:23
BRDA:36,0,0,14
BRDA:43,1,0,13
BRDA:43,1,1,2
BRDA:45,2,0,2
BRDA:45,2,1,11
BRDA:50,3,0,2
BRDA:50,3,1,9
BRDA:52,4,0,2
BRDA:52,4,1,0
BRDA:60,5,0,3
BRDA:60,5,1,6
BRDA:62,6,0,2
BRDA:62,6,1,1
BRDA:75,7,0,1
BRDA:75,7,1,6
BRF:15
BRH:14
end_of_record
TN:
SF:api/types.ts
FN:24,(anonymous_0)
FNF:1
FNH:1
FNDA:6,(anonymous_0)
DA:24,6
DA:26,6
DA:28,6
DA:30,6
DA:32,6
DA:34,6
LF:6
LH:6
BRDA:24,0,0,6
BRDA:24,0,1,6
BRF:2
BRH:2
end_of_record
TN:
SF:api/validators.ts
FN:15,validateDisc
FN:35,validateActor
FN:56,canView
FN:76,validateControlId
FNF:4
FNH:4
FNDA:39,validateDisc
FNDA:79,validateActor
FNDA:123,canView
FNDA:37,validateControlId
DA:7,7
DA:15,7
DA:16,39
DA:17,6
DA:20,33
DA:21,2
DA:24,31
DA:25,2
DA:35,7
DA:36,79
DA:37,9
DA:40,70
DA:41,2
DA:44,68
DA:45,2
DA:56,7
DA:58,123
DA:59,114
DA:63,9
DA:64,5
DA:67,4
DA:76,7
DA:77,37
DA:78,8
LF:24
LH:24
BRDA:16,0,0,6
BRDA:16,0,1,33
BRDA:20,1,0,2
BRDA:20,1,1,31
BRDA:24,2,0,2
BRDA:24,2,1,29
BRDA:36,3,0,9
BRDA:36,3,1,70
BRDA:40,4,0,2
BRDA:40,4,1,68
BRDA:44,5,0,2
BRDA:44,5,1,66
BRDA:58,6,0,114
BRDA:58,6,1,9
BRDA:63,7,0,5
BRDA:63,7,1,4
BRDA:63,8,0,9
BRDA:63,8,1,5
BRDA:77,9,0,8
BRDA:77,9,1,29
BRDA:77,10,0,37
BRDA:77,10,1,30
BRF:22
BRH:22
end_of_record
TN:
SF:audit/audit-log.ts
FN:82,(anonymous_0)
FN:96,(anonymous_1)
FN:112,(anonymous_2)
FN:136,(anonymous_3)
FN:149,(anonymous_4)
FN:171,(anonymous_5)
FN:178,(anonymous_6)
FN:181,(anonymous_7)
FN:184,(anonymous_8)
FN:187,(anonymous_9)
FN:190,(anonymous_10)
FN:193,(anonymous_11)
FN:198,(anonymous_12)
FN:221,(anonymous_13)
FN:223,(anonymous_14)
FN:233,(anonymous_15)
FN:244,(anonymous_16)
FN:248,(anonymous_17)
FN:274,(anonymous_18)
FN:331,(anonymous_19)
FN:336,(anonymous_20)
FN:352,(anonymous_21)
FNF:22
FNH:0
FNDA:0,(anonymous_0)
FNDA:0,(anonymous_1)
FNDA:0,(anonymous_2)
FNDA:0,(anonymous_3)
FNDA:0,(anonymous_4)
FNDA:0,(anonymous_5)
FNDA:0,(anonymous_6)
FNDA:0,(anonymous_7)
FNDA:0,(anonymous_8)
FNDA:0,(anonymous_9)
FNDA:0,(anonymous_10)
FNDA:0,(anonymous_11)
FNDA:0,(anonymous_12)
FNDA:0,(anonymous_13)
FNDA:0,(anonymous_14)
FNDA:0,(anonymous_15)
FNDA:0,(anonymous_16)
FNDA:0,(anonymous_17)
FNDA:0,(anonymous_18)
FNDA:0,(anonymous_19)
FNDA:0,(anonymous_20)
FNDA:0,(anonymous_21)
DA:8,0
DA:75,0
DA:77,0
DA:78,0
DA:79,0
DA:83,0
DA:84,0
DA:94,0
DA:95,0
DA:96,0
DA:113,0
DA:114,0
DA:117,0
DA:124,0
DA:125,0
DA:129,0
DA:130,0
DA:133,0
DA:136,0
DA:137,0
DA:138,0
DA:141,0
DA:146,0
DA:149,0
DA:150,0
DA:151,0
DA:157,0
DA:172,0
DA:174,0
DA:177,0
DA:178,0
DA:180,0
DA:181,0
DA:183,0
DA:184,0
DA:186,0
DA:187,0
DA:189,0
DA:190,0
DA:192,0
DA:193,0
DA:197,0
DA:198,0
DA:199,0
DA:203,0
DA:206,0
DA:207,0
DA:208,0
DA:222,0
DA:223,0
DA:224,0
DA:234,0
DA:245,0
DA:246,0
DA:248,0
DA:249,0
DA:250,0
DA:251,0
DA:253,0
DA:256,0
DA:258,0
DA:259,0
DA:262,0
DA:275,0
DA:277,0
DA:278,0
DA:281,0
DA:282,0
DA:283,0
DA:287,0
DA:301,0
DA:304,0
DA:305,0
DA:318,0
DA:321,0
DA:324,0
DA:332,0
DA:334,0
DA:335,0
DA:336,0
DA:337,0
DA:338,0
DA:339,0
DA:341,0
DA:345,0
DA:353,0
LF:86
LH:0
BRDA:82,0,0,0
BRDA:85,1,0,0
BRDA:85,1,1,0
BRDA:86,2,0,0
BRDA:86,2,1,0
BRDA:87,3,0,0
BRDA:87,3,1,0
BRDA:88,4,0,0
BRDA:88,4,1,0
BRDA:95,5,0,0
BRDA:95,5,1,0
BRDA:113,6,0,0
BRDA:113,6,1,0
BRDA:124,7,0,0
BRDA:124,7,1,0
BRDA:124,8,0,0
BRDA:124,8,1,0
BRDA:171,9,0,0
BRDA:177,10,0,0
BRDA:177,10,1,0
BRDA:180,11,0,0
BRDA:180,11,1,0
BRDA:183,12,0,0
BRDA:183,12,1,0
BRDA:186,13,0,0
BRDA:186,13,1,0
BRDA:189,14,0,0
BRDA:189,14,1,0
BRDA:192,15,0,0
BRDA:192,15,1,0
BRDA:197,16,0,0
BRDA:197,16,1,0
BRDA:199,17,0,0
BRDA:199,17,1,0
BRDA:206,18,0,0
BRDA:206,18,1,0
BRDA:207,19,0,0
BRDA:207,19,1,0
BRDA:234,20,0,0
BRDA:234,20,1,0
BRDA:249,21,0,0
BRDA:249,21,1,0
BRDA:258,22,0,0
BRDA:258,22,1,0
BRDA:275,23,0,0
BRDA:275,23,1,0
BRDA:277,24,0,0
BRDA:277,24,1,0
BRDA:281,25,0,0
BRDA:281,25,1,0
BRDA:282,26,0,0
BRDA:282,26,1,0
BRDA:311,27,0,0
BRDA:311,27,1,0
BRDA:312,28,0,0
BRDA:312,28,1,0
BRDA:314,29,0,0
BRDA:314,29,1,0
BRDA:315,30,0,0
BRDA:315,30,1,0
BRDA:316,31,0,0
BRDA:316,31,1,0
BRDA:336,32,0,0
BRDA:336,32,1,0
BRDA:338,33,0,0
BRDA:338,33,1,0
BRDA:338,34,0,0
BRDA:338,34,1,0
BRF:68
BRH:0
end_of_record
TN:
SF:audit/change-history.ts
FN:67,(anonymous_0)
FN:81,(anonymous_1)
FN:106,(anonymous_2)
FN:121,(anonymous_3)
FN:124,(anonymous_4)
FN:127,(anonymous_5)
FN:132,(anonymous_6)
FN:135,(anonymous_7)
FN:139,(anonymous_8)
FN:150,(anonymous_9)
FN:159,(anonymous_10)
FN:168,(anonymous_11)
FN:170,(anonymous_12)
FN:176,(anonymous_13)
FN:184,(anonymous_14)
FN:193,(anonymous_15)
FN:210,(anonymous_16)
FN:225,(anonymous_17)
FN:234,(anonymous_18)
FNF:19
FNH:0
FNDA:0,(anonymous_0)
FNDA:0,(anonymous_1)
FNDA:0,(anonymous_2)
FNDA:0,(anonymous_3)
FNDA:0,(anonymous_4)
FNDA:0,(anonymous_5)
FNDA:0,(anonymous_6)
FNDA:0,(anonymous_7)
FNDA:0,(anonymous_8)
FNDA:0,(anonymous_9)
FNDA:0,(anonymous_10)
FNDA:0,(anonymous_11)
FNDA:0,(anonymous_12)
FNDA:0,(anonymous_13)
FNDA:0,(anonymous_14)
FNDA:0,(anonymous_15)
FNDA:0,(anonymous_16)
FNDA:0,(anonymous_17)
FNDA:0,(anonymous_18)
DA:61,0
DA:63,0
DA:64,0
DA:65,0
DA:68,0
DA:84,0
DA:96,0
DA:97,0
DA:98,0
DA:100,0
DA:114,0
DA:117,0
DA:118,0
DA:120,0
DA:121,0
DA:123,0
DA:124,0
DA:126,0
DA:127,0
DA:128,0
DA:131,0
DA:132,0
DA:134,0
DA:135,0
DA:139,0
DA:142,0
DA:143,0
DA:144,0
DA:153,0
DA:162,0
DA:170,0
DA:178,0
DA:187,0
DA:204,0
DA:212,0
DA:213,0
DA:214,0
DA:217,0
DA:218,0
DA:219,0
DA:226,0
DA:227,0
DA:229,0
DA:235,0
LF:44
LH:0
BRDA:67,0,0,0
BRDA:69,1,0,0
BRDA:69,1,1,0
BRDA:70,2,0,0
BRDA:70,2,1,0
BRDA:71,3,0,0
BRDA:71,3,1,0
BRDA:106,4,0,0
BRDA:117,5,0,0
BRDA:117,5,1,0
BRDA:118,6,0,0
BRDA:118,6,1,0
BRDA:120,7,0,0
BRDA:120,7,1,0
BRDA:123,8,0,0
BRDA:123,8,1,0
BRDA:126,9,0,0
BRDA:126,9,1,0
BRDA:131,10,0,0
BRDA:131,10,1,0
BRDA:134,11,0,0
BRDA:134,11,1,0
BRDA:142,12,0,0
BRDA:142,12,1,0
BRDA:143,13,0,0
BRDA:143,13,1,0
BRDA:153,14,0,0
BRDA:153,14,1,0
BRDA:162,15,0,0
BRDA:162,15,1,0
BRDA:170,16,0,0
BRDA:170,16,1,0
BRDA:212,17,0,0
BRDA:212,17,1,0
BRDA:217,18,0,0
BRDA:217,18,1,0
BRDA:226,19,0,0
BRDA:226,19,1,0
BRF:38
BRH:0
end_of_record
TN:
SF:audit/diff-engine.ts
FN:57,(anonymous_0)
FN:69,(anonymous_1)
FN:70,(anonymous_2)
FN:71,(anonymous_3)
FN:79,(anonymous_4)
FN:100,(anonymous_5)
FN:113,(anonymous_6)
FN:122,(anonymous_7)
FN:133,(anonymous_8)
FN:144,(anonymous_9)
FN:155,(anonymous_10)
FN:163,(anonymous_11)
FN:167,(anonymous_12)
FN:168,(anonymous_13)
FN:169,(anonymous_14)
FN:182,(anonymous_15)
FN:194,(anonymous_16)
FN:207,(anonymous_17)
FN:218,(anonymous_18)
FNF:19
FNH:0
FNDA:0,(anonymous_0)
FNDA:0,(anonymous_1)
FNDA:0,(anonymous_2)
FNDA:0,(anonymous_3)
FNDA:0,(anonymous_4)
FNDA:0,(anonymous_5)
FNDA:0,(anonymous_6)
FNDA:0,(anonymous_7)
FNDA:0,(anonymous_8)
FNDA:0,(anonymous_9)
FNDA:0,(anonymous_10)
FNDA:0,(anonymous_11)
FNDA:0,(anonymous_12)
FNDA:0,(anonymous_13)
FNDA:0,(anonymous_14)
FNDA:0,(anonymous_15)
FNDA:0,(anonymous_16)
FNDA:0,(anonymous_17)
FNDA:0,(anonymous_18)
DA:53,0
DA:64,0
DA:66,0
DA:69,0
DA:70,0
DA:71,0
DA:85,0
DA:94,0
DA:107,0
DA:118,0
DA:122,0
DA:138,0
DA:149,0
DA:157,0
DA:167,0
DA:168,0
DA:169,0
DA:171,0
DA:172,0
DA:173,0
DA:174,0
DA:176,0
DA:188,0
DA:201,0
DA:212,0
DA:223,0
LF:26
LH:0
BRDA:57,0,0,0
BRDA:172,1,0,0
BRDA:172,1,1,0
BRDA:173,2,0,0
BRDA:173,2,1,0
BRDA:174,3,0,0
BRDA:174,3,1,0
BRDA:176,4,0,0
BRDA:176,4,1,0
BRDA:194,5,0,0
BRF:10
BRH:0
end_of_record
TN:
SF:core/dj-engine.ts
FN:69,(anonymous_0)
FN:79,(anonymous_1)
FN:92,(anonymous_2)
FN:113,(anonymous_3)
FN:127,(anonymous_4)
FN:137,(anonymous_5)
FN:150,(anonymous_6)
FN:159,(anonymous_7)
FNF:8
FNH:0
FNDA:0,(anonymous_0)
FNDA:0,(anonymous_1)
FNDA:0,(anonymous_2)
FNDA:0,(anonymous_3)
FNDA:0,(anonymous_4)
FNDA:0,(anonymous_5)
FNDA:0,(anonymous_6)
FNDA:0,(anonymous_7)
DA:62,0
DA:64,0
DA:65,0
DA:66,0
DA:67,0
DA:70,0
DA:85,0
DA:106,0
DA:121,0
DA:131,0
DA:144,0
DA:153,0
DA:163,0
LF:13
LH:0
BRF:0
BRH:0
end_of_record
TN:
SF:core/guardrails.ts
FN:46,(anonymous_0)
FN:59,(anonymous_1)
FN:77,(anonymous_2)
FN:88,(anonymous_3)
FN:99,(anonymous_4)
FN:110,(anonymous_5)
FN:128,(anonymous_6)
FN:139,(anonymous_7)
FN:149,(anonymous_8)
FNF:9
FNH:0
FNDA:0,(anonymous_0)
FNDA:0,(anonymous_1)
FNDA:0,(anonymous_2)
FNDA:0,(anonymous_3)
FNDA:0,(anonymous_4)
FNDA:0,(anonymous_5)
FNDA:0,(anonymous_6)
FNDA:0,(anonymous_7)
FNDA:0,(anonymous_8)
DA:41,0
DA:43,0
DA:44,0
DA:47,0
DA:63,0
DA:71,0
DA:82,0
DA:93,0
DA:104,0
DA:111,0
DA:113,0
DA:114,0
DA:122,0
DA:133,0
DA:143,0
DA:150,0
DA:151,0
LF:17
LH:0
BRDA:46,0,0,0
BRDA:48,1,0,0
BRDA:48,1,1,0
BRDA:49,2,0,0
BRDA:49,2,1,0
BRDA:50,3,0,0
BRDA:50,3,1,0
BRDA:51,4,0,0
BRDA:51,4,1,0
BRDA:77,5,0,0
BRDA:113,6,0,0
BRDA:113,6,1,0
BRF:12
BRH:0
end_of_record
TN:
SF:core/policy-evaluator.ts
FN:45,(anonymous_0)
FN:53,(anonymous_1)
FN:63,(anonymous_2)
FN:75,(anonymous_3)
FN:85,(anonymous_4)
FN:96,(anonymous_5)
FN:106,(anonymous_6)
FNF:7
FNH:0
FNDA:0,(anonymous_0)
FNDA:0,(anonymous_1)
FNDA:0,(anonymous_2)
FNDA:0,(anonymous_3)
FNDA:0,(anonymous_4)
FNDA:0,(anonymous_5)
FNDA:0,(anonymous_6)
DA:41,0
DA:42,0
DA:43,0
DA:57,0
DA:69,0
DA:78,0
DA:90,0
DA:100,0
DA:111,0
LF:9
LH:0
BRF:0
BRH:0
end_of_record
TN:
SF:core/state-manager.ts
FN:77,(anonymous_0)
FN:92,(anonymous_1)
FN:103,(anonymous_2)
FN:120,(anonymous_3)
FN:138,(anonymous_4)
FN:143,(anonymous_5)
FN:180,(anonymous_6)
FN:213,(anonymous_7)
FN:246,(anonymous_8)
FN:247,(anonymous_9)
FN:255,(anonymous_10)
FN:266,(anonymous_11)
FN:275,(anonymous_12)
FN:280,(anonymous_13)
FN:283,(anonymous_14)
FN:287,(anonymous_15)
FN:297,(anonymous_16)
FN:318,(anonymous_17)
FN:339,(anonymous_18)
FN:347,(anonymous_19)
FN:408,(anonymous_20)
FN:419,(anonymous_21)
FN:424,(anonymous_22)
FN:432,(anonymous_23)
FN:452,(anonymous_24)
FNF:25
FNH:0
FNDA:0,(anonymous_0)
FNDA:0,(anonymous_1)
FNDA:0,(anonymous_2)
FNDA:0,(anonymous_3)
FNDA:0,(anonymous_4)
FNDA:0,(anonymous_5)
FNDA:0,(anonymous_6)
FNDA:0,(anonymous_7)
FNDA:0,(anonymous_8)
FNDA:0,(anonymous_9)
FNDA:0,(anonymous_10)
FNDA:0,(anonymous_11)
FNDA:0,(anonymous_12)
FNDA:0,(anonymous_13)
FNDA:0,(anonymous_14)
FNDA:0,(anonymous_15)
FNDA:0,(anonymous_16)
FNDA:0,(anonymous_17)
FNDA:0,(anonymous_18)
FNDA:0,(anonymous_19)
FNDA:0,(anonymous_20)
FNDA:0,(anonymous_21)
FNDA:0,(anonymous_22)
FNDA:0,(anonymous_23)
FNDA:0,(anonymous_24)
DA:12,0
DA:69,0
DA:71,0
DA:72,0
DA:73,0
DA:74,0
DA:75,0
DA:78,0
DA:79,0
DA:93,0
DA:104,0
DA:105,0
DA:107,0
DA:115,0
DA:118,0
DA:119,0
DA:120,0
DA:121,0
DA:122,0
DA:123,0
DA:126,0
DA:127,0
DA:139,0
DA:142,0
DA:143,0
DA:144,0
DA:145,0
DA:147,0
DA:152,0
DA:154,0
DA:162,0
DA:163,0
DA:164,0
DA:167,0
DA:169,0
DA:170,0
DA:181,0
DA:183,0
DA:184,0
DA:187,0
DA:188,0
DA:189,0
DA:191,0
DA:199,0
DA:202,0
DA:204,0
DA:214,0
DA:216,0
DA:217,0
DA:220,0
DA:221,0
DA:223,0
DA:231,0
DA:232,0
DA:233,0
DA:235,0
DA:237,0
DA:238,0
DA:247,0
DA:256,0
DA:271,0
DA:273,0
DA:274,0
DA:275,0
DA:276,0
DA:279,0
DA:280,0
DA:282,0
DA:283,0
DA:287,0
DA:298,0
DA:299,0
DA:301,0
DA:302,0
DA:304,0
DA:305,0
DA:308,0
DA:319,0
DA:320,0
DA:321,0
DA:323,0
DA:324,0
DA:325,0
DA:326,0
DA:327,0
DA:331,0
DA:340,0
DA:348,0
DA:351,0
DA:352,0
DA:353,0
DA:355,0
DA:358,0
DA:359,0
DA:360,0
DA:364,0
DA:365,0
DA:366,0
DA:373,0
DA:377,0
DA:378,0
DA:379,0
DA:381,0
DA:382,0
DA:384,0
DA:385,0
DA:386,0
DA:387,0
DA:388,0
DA:390,0
DA:391,0
DA:392,0
DA:401,0
DA:409,0
DA:410,0
DA:414,0
DA:415,0
DA:418,0
DA:419,0
DA:422,0
DA:423,0
DA:424,0
DA:425,0
DA:427,0
DA:430,0
DA:431,0
DA:432,0
DA:433,0
DA:435,0
DA:438,0
DA:439,0
DA:440,0
DA:441,0
DA:445,0
DA:453,0
LF:135
LH:0
BRDA:77,0,0,0
BRDA:80,1,0,0
BRDA:80,1,1,0
BRDA:81,2,0,0
BRDA:81,2,1,0
BRDA:82,3,0,0
BRDA:82,3,1,0
BRDA:118,4,0,0
BRDA:118,4,1,0
BRDA:142,5,0,0
BRDA:142,5,1,0
BRDA:142,6,0,0
BRDA:142,6,1,0
BRDA:144,7,0,0
BRDA:144,7,1,0
BRDA:183,8,0,0
BRDA:183,8,1,0
BRDA:216,9,0,0
BRDA:216,9,1,0
BRDA:256,10,0,0
BRDA:256,10,1,0
BRDA:273,11,0,0
BRDA:273,11,1,0
BRDA:274,12,0,0
BRDA:274,12,1,0
BRDA:279,13,0,0
BRDA:279,13,1,0
BRDA:282,14,0,0
BRDA:282,14,1,0
BRDA:301,15,0,0
BRDA:301,15,1,0
BRDA:304,16,0,0
BRDA:304,16,1,0
BRDA:324,17,0,0
BRDA:324,17,1,0
BRDA:340,18,0,0
BRDA:340,18,1,0
BRDA:347,19,0,0
BRDA:351,20,0,0
BRDA:351,20,1,0
BRDA:351,21,0,0
BRDA:351,21,1,0
BRDA:352,22,0,0
BRDA:352,22,1,0
BRDA:352,23,0,0
BRDA:352,23,1,0
BRDA:353,24,0,0
BRDA:353,24,1,0
BRDA:358,25,0,0
BRDA:358,25,1,0
BRDA:358,26,0,0
BRDA:358,26,1,0
BRDA:359,27,0,0
BRDA:359,27,1,0
BRDA:364,28,0,0
BRDA:364,28,1,0
BRDA:364,29,0,0
BRDA:364,29,1,0
BRDA:365,30,0,0
BRDA:365,30,1,0
BRDA:367,31,0,0
BRDA:367,31,1,0
BRDA:382,32,0,0
BRDA:382,32,1,0
BRDA:384,33,0,0
BRDA:384,33,1,0
BRDA:386,34,0,0
BRDA:386,34,1,0
BRDA:388,35,0,0
BRDA:388,35,1,0
BRDA:388,36,0,0
BRDA:388,36,1,0
BRDA:391,37,0,0
BRDA:391,37,1,0
BRDA:409,38,0,0
BRDA:409,38,1,0
BRDA:409,39,0,0
BRDA:409,39,1,0
BRDA:414,40,0,0
BRDA:414,40,1,0
BRDA:418,41,0,0
BRDA:418,41,1,0
BRDA:422,42,0,0
BRDA:422,42,1,0
BRDA:430,43,0,0
BRDA:430,43,1,0
BRDA:440,44,0,0
BRDA:440,44,1,0
BRF:88
BRH:0
end_of_record
TN:
SF:src/example.ts
FN:20,(anonymous_0)
FN:31,(anonymous_1)
FN:42,(anonymous_2)
FN:90,(anonymous_3)
FNF:4
FNH:0
FNDA:0,(anonymous_0)
FNDA:0,(anonymous_1)
FNDA:0,(anonymous_2)
FNDA:0,(anonymous_3)
DA:6,0
DA:9,0
DA:11,0
DA:14,0
DA:21,0
DA:25,0
DA:32,0
DA:36,0
DA:43,0
DA:48,0
DA:49,0
DA:50,0
DA:51,0
DA:52,0
DA:55,0
DA:56,0
DA:57,0
DA:58,0
DA:61,0
DA:62,0
DA:63,0
DA:66,0
DA:67,0
DA:68,0
DA:69,0
DA:71,0
DA:75,0
DA:76,0
DA:77,0
DA:80,0
DA:81,0
DA:82,0
DA:83,0
DA:86,0
DA:87,0
DA:88,0
DA:89,0
DA:90,0
DA:91,0
DA:94,0
LF:40
LH:0
BRDA:91,0,0,0
BRDA:91,0,1,0
BRF:2
BRH:0
end_of_record
TN:
SF:src/index.ts
FN:1,(anonymous_0)
FN:2,(anonymous_1)
FN:2,(anonymous_2)
FNF:3
FNH:0
FNDA:0,(anonymous_0)
FNDA:0,(anonymous_1)
FNDA:0,(anonymous_2)
DA:1,0
DA:2,0
LF:2
LH:0
BRF:0
BRH:0
end_of_record
TN:
SF:src/core/audit-logger.ts
FN:10,(anonymous_0)
FN:17,(anonymous_1)
FN:34,(anonymous_2)
FN:41,(anonymous_3)
FN:42,(anonymous_4)
FN:48,(anonymous_5)
FN:49,(anonymous_6)
FN:55,(anonymous_7)
FN:56,(anonymous_8)
FN:64,(anonymous_9)
FN:65,(anonymous_10)
FN:71,(anonymous_11)
FN:78,(anonymous_12)
FN:85,(anonymous_13)
FN:89,(anonymous_14)
FNF:15
FNH:0
FNDA:0,(anonymous_0)
FNDA:0,(anonymous_1)
FNDA:0,(anonymous_2)
FNDA:0,(anonymous_3)
FNDA:0,(anonymous_4)
FNDA:0,(anonymous_5)
FNDA:0,(anonymous_6)
FNDA:0,(anonymous_7)
FNDA:0,(anonymous_8)
FNDA:0,(anonymous_9)
FNDA:0,(anonymous_10)
FNDA:0,(anonymous_11)
FNDA:0,(anonymous_12)
FNDA:0,(anonymous_13)
FNDA:0,(anonymous_14)
DA:6,0
DA:7,0
DA:11,0
DA:18,0
DA:23,0
DA:26,0
DA:27,0
DA:35,0
DA:42,0
DA:49,0
DA:56,0
DA:57,0
DA:65,0
DA:72,0
DA:79,0
DA:86,0
DA:87,0
DA:88,0
DA:89,0
DA:95,0
LF:20
LH:0
BRDA:10,0,0,0
BRDA:26,1,0,0
BRDA:26,1,1,0
BRDA:57,2,0,0
BRDA:57,2,1,0
BRDA:88,3,0,0
BRDA:88,3,1,0
BRF:7
BRH:0
end_of_record
TN:
SF:src/core/compliance-validator.ts
FN:6,(anonymous_0)
FN:12,(anonymous_1)
FN:19,(anonymous_2)
FN:26,(anonymous_3)
FN:33,(anonymous_4)
FN:40,(anonymous_5)
FN:42,(anonymous_6)
FN:63,(anonymous_7)
FN:65,(anonymous_8)
FN:66,(anonymous_9)
FN:68,(anonymous_10)
FN:88,(anonymous_11)
FNF:12
FNH:0
FNDA:0,(anonymous_0)
FNDA:0,(anonymous_1)
FNDA:0,(anonymous_2)
FNDA:0,(anonymous_3)
FNDA:0,(anonymous_4)
FNDA:0,(anonymous_5)
FNDA:0,(anonymous_6)
FNDA:0,(anonymous_7)
FNDA:0,(anonymous_8)
FNDA:0,(anonymous_9)
FNDA:0,(anonymous_10)
FNDA:0,(anonymous_11)
DA:6,0
DA:7,0
DA:13,0
DA:20,0
DA:27,0
DA:34,0
DA:41,0
DA:42,0
DA:45,0
DA:46,0
DA:48,0
DA:49,0
DA:50,0
DA:53,0
DA:64,0
DA:65,0
DA:66,0
DA:68,0
DA:70,0
DA:71,0
DA:73,0
DA:74,0
DA:75,0
DA:78,0
DA:89,0
LF:25
LH:0
BRF:0
BRH:0
end_of_record
TN:
SF:src/core/disc.ts
FN:11,(anonymous_0)
FN:25,(anonymous_1)
FN:32,(anonymous_2)
FN:39,(anonymous_3)
FN:51,(anonymous_4)
FN:60,(anonymous_5)
FN:69,(anonymous_6)
FN:76,(anonymous_7)
FN:85,(anonymous_8)
FN:112,(anonymous_9)
FN:122,(anonymous_10)
FNF:11
FNH:0
FNDA:0,(anonymous_0)
FNDA:0,(anonymous_1)
FNDA:0,(anonymous_2)
FNDA:0,(anonymous_3)
FNDA:0,(anonymous_4)
FNDA:0,(anonymous_5)
FNDA:0,(anonymous_6)
FNDA:0,(anonymous_7)
FNDA:0,(anonymous_8)
FNDA:0,(anonymous_9)
FNDA:0,(anonymous_10)
DA:7,0
DA:12,0
DA:13,0
DA:26,0
DA:33,0
DA:40,0
DA:52,0
DA:53,0
DA:54,0
DA:61,0
DA:62,0
DA:63,0
DA:70,0
DA:77,0
DA:78,0
DA:79,0
DA:86,0
DA:113,0
DA:123,0
DA:124,0
DA:125,0
DA:126,0
DA:132,0
LF:23
LH:0
BRDA:125,0,0,0
BRDA:125,0,1,0
BRF:2
BRH:0
end_of_record
TN:
SF:src/core/dj-control-layer.ts
FN:29,(anonymous_0)
FN:47,(anonymous_1)
FN:56,(anonymous_2)
FN:130,(anonymous_3)
FN:197,(anonymous_4)
FN:204,(anonymous_5)
FN:211,(anonymous_6)
FN:272,(anonymous_7)
FN:333,(anonymous_8)
FN:392,(anonymous_9)
FN:456,(anonymous_10)
FN:488,(anonymous_11)
FN:543,(anonymous_12)
FN:560,(anonymous_13)
FN:567,(anonymous_14)
FN:574,(anonymous_15)
FN:586,(anonymous_16)
FNF:17
FNH:0
FNDA:0,(anonymous_0)
FNDA:0,(anonymous_1)
FNDA:0,(anonymous_2)
FNDA:0,(anonymous_3)
FNDA:0,(anonymous_4)
FNDA:0,(anonymous_5)
FNDA:0,(anonymous_6)
FNDA:0,(anonymous_7)
FNDA:0,(anonymous_8)
FNDA:0,(anonymous_9)
FNDA:0,(anonymous_10)
FNDA:0,(anonymous_11)
FNDA:0,(anonymous_12)
FNDA:0,(anonymous_13)
FNDA:0,(anonymous_14)
FNDA:0,(anonymous_15)
FNDA:0,(anonymous_16)
DA:2,0
DA:3,0
DA:4,0
DA:5,0
DA:6,0
DA:19,0
DA:20,0
DA:27,0
DA:30,0
DA:39,0
DA:40,0
DA:41,0
DA:42,0
DA:43,0
DA:46,0
DA:47,0
DA:48,0
DA:57,0
DA:60,0
DA:61,0
DA:65,0
DA:71,0
DA:72,0
DA:76,0
DA:77,0
DA:84,0
DA:85,0
DA:90,0
DA:93,0
DA:96,0
DA:99,0
DA:100,0
DA:110,0
DA:111,0
DA:112,0
DA:117,0
DA:118,0
DA:131,0
DA:132,0
DA:133,0
DA:137,0
DA:138,0
DA:141,0
DA:144,0
DA:145,0
DA:152,0
DA:153,0
DA:157,0
DA:160,0
DA:163,0
DA:166,0
DA:167,0
DA:177,0
DA:178,0
DA:179,0
DA:184,0
DA:185,0
DA:198,0
DA:205,0
DA:212,0
DA:213,0
DA:214,0
DA:217,0
DA:220,0
DA:221,0
DA:225,0
DA:226,0
DA:233,0
DA:234,0
DA:238,0
DA:239,0
DA:242,0
DA:243,0
DA:252,0
DA:253,0
DA:254,0
DA:259,0
DA:260,0
DA:273,0
DA:274,0
DA:275,0
DA:278,0
DA:281,0
DA:282,0
DA:286,0
DA:287,0
DA:294,0
DA:295,0
DA:299,0
DA:300,0
DA:303,0
DA:304,0
DA:313,0
DA:314,0
DA:315,0
DA:320,0
DA:321,0
DA:334,0
DA:335,0
DA:336,0
DA:339,0
DA:340,0
DA:343,0
DA:346,0
DA:347,0
DA:351,0
DA:352,0
DA:353,0
DA:361,0
DA:364,0
DA:365,0
DA:369,0
DA:370,0
DA:380,0
DA:381,0
DA:382,0
DA:386,0
DA:393,0
DA:394,0
DA:395,0
DA:398,0
DA:401,0
DA:402,0
DA:406,0
DA:407,0
DA:414,0
DA:415,0
DA:419,0
DA:420,0
DA:421,0
DA:424,0
DA:425,0
DA:436,0
DA:437,0
DA:438,0
DA:443,0
DA:444,0
DA:458,0
DA:459,0
DA:462,0
DA:465,0
DA:466,0
DA:476,0
DA:477,0
DA:478,0
DA:482,0
DA:490,0
DA:491,0
DA:495,0
DA:496,0
DA:497,0
DA:498,0
DA:502,0
DA:503,0
DA:504,0
DA:508,0
DA:509,0
DA:510,0
DA:511,0
DA:512,0
DA:517,0
DA:518,0
DA:528,0
DA:529,0
DA:530,0
DA:535,0
DA:536,0
DA:545,0
DA:546,0
DA:550,0
DA:551,0
DA:554,0
DA:561,0
DA:568,0
DA:575,0
DA:587,0
DA:588,0
DA:589,0
DA:595,0
LF:179
LH:0
BRDA:29,0,0,0
BRDA:41,1,0,0
BRDA:41,1,1,0
BRDA:43,2,0,0
BRDA:43,2,1,0
BRDA:46,3,0,0
BRDA:46,3,1,0
BRDA:60,4,0,0
BRDA:60,4,1,0
BRDA:71,5,0,0
BRDA:71,5,1,0
BRDA:76,6,0,0
BRDA:76,6,1,0
BRDA:84,7,0,0
BRDA:84,7,1,0
BRDA:99,8,0,0
BRDA:99,8,1,0
BRDA:110,9,0,0
BRDA:110,9,1,0
BRDA:117,10,0,0
BRDA:117,10,1,0
BRDA:132,11,0,0
BRDA:132,11,1,0
BRDA:137,12,0,0
BRDA:137,12,1,0
BRDA:144,13,0,0
BRDA:144,13,1,0
BRDA:152,14,0,0
BRDA:152,14,1,0
BRDA:166,15,0,0
BRDA:166,15,1,0
BRDA:177,16,0,0
BRDA:177,16,1,0
BRDA:184,17,0,0
BRDA:184,17,1,0
BRDA:213,18,0,0
BRDA:213,18,1,0
BRDA:220,19,0,0
BRDA:220,19,1,0
BRDA:225,20,0,0
BRDA:225,20,1,0
BRDA:233,21,0,0
BRDA:233,21,1,0
BRDA:242,22,0,0
BRDA:242,22,1,0
BRDA:252,23,0,0
BRDA:252,23,1,0
BRDA:259,24,0,0
BRDA:259,24,1,0
BRDA:274,25,0,0
BRDA:274,25,1,0
BRDA:281,26,0,0
BRDA:281,26,1,0
BRDA:286,27,0,0
BRDA:286,27,1,0
BRDA:294,28,0,0
BRDA:294,28,1,0
BRDA:303,29,0,0
BRDA:303,29,1,0
BRDA:313,30,0,0
BRDA:313,30,1,0
BRDA:320,31,0,0
BRDA:320,31,1,0
BRDA:335,32,0,0
BRDA:335,32,1,0
BRDA:339,33,0,0
BRDA:339,33,1,0
BRDA:346,34,0,0
BRDA:346,34,1,0
BRDA:352,35,0,0
BRDA:352,35,1,0
BRDA:356,36,0,0
BRDA:356,36,1,0
BRDA:364,37,0,0
BRDA:364,37,1,0
BRDA:364,38,0,0
BRDA:364,38,1,0
BRDA:369,39,0,0
BRDA:369,39,1,0
BRDA:380,40,0,0
BRDA:380,40,1,0
BRDA:394,41,0,0
BRDA:394,41,1,0
BRDA:401,42,0,0
BRDA:401,42,1,0
BRDA:406,43,0,0
BRDA:406,43,1,0
BRDA:414,44,0,0
BRDA:414,44,1,0
BRDA:424,45,0,0
BRDA:424,45,1,0
BRDA:436,46,0,0
BRDA:436,46,1,0
BRDA:443,47,0,0
BRDA:443,47,1,0
BRDA:458,48,0,0
BRDA:458,48,1,0
BRDA:465,49,0,0
BRDA:465,49,1,0
BRDA:476,50,0,0
BRDA:476,50,1,0
BRDA:490,51,0,0
BRDA:490,51,1,0
BRDA:495,52,0,0
BRDA:495,52,1,0
BRDA:497,53,0,0
BRDA:497,53,1,0
BRDA:503,54,0,0
BRDA:503,54,1,0
BRDA:511,55,0,0
BRDA:511,55,1,0
BRDA:517,56,0,0
BRDA:517,56,1,0
BRDA:528,57,0,0
BRDA:528,57,1,0
BRDA:535,58,0,0
BRDA:535,58,1,0
BRDA:545,59,0,0
BRDA:545,59,1,0
BRDA:550,60,0,0
BRDA:550,60,1,0
BRF:121
BRH:0
end_of_record
TN:
SF:src/core/rbac.ts
FN:7,(anonymous_0)
FN:36,(anonymous_1)
FN:45,(anonymous_2)
FN:59,(anonymous_3)
FN:60,(anonymous_4)
FN:66,(anonymous_5)
FN:75,(anonymous_6)
FNF:7
FNH:0
FNDA:0,(anonymous_0)
FNDA:0,(anonymous_1)
FNDA:0,(anonymous_2)
FNDA:0,(anonymous_3)
FNDA:0,(anonymous_4)
FNDA:0,(anonymous_5)
FNDA:0,(anonymous_6)
DA:1,0
DA:7,0
DA:8,0
DA:16,0
DA:24,0
DA:37,0
DA:38,0
DA:39,0
DA:47,0
DA:48,0
DA:52,0
DA:53,0
DA:60,0
DA:67,0
DA:68,0
DA:69,0
DA:76,0
LF:17
LH:0
BRDA:37,0,0,0
BRDA:37,0,1,0
BRDA:38,1,0,0
BRDA:38,1,1,0
BRDA:47,2,0,0
BRDA:47,2,1,0
BRDA:47,3,0,0
BRDA:47,3,1,0
BRDA:53,4,0,0
BRDA:53,4,1,0
BRDA:67,5,0,0
BRDA:67,5,1,0
BRDA:68,6,0,0
BRDA:68,6,1,0
BRDA:76,7,0,0
BRDA:76,7,1,0
BRF:16
BRH:0
end_of_record
TN:
SF:src/core/state-manager.ts
FN:11,(anonymous_0)
FN:18,(anonymous_1)
FN:40,(anonymous_2)
FN:41,(anonymous_3)
FN:53,(anonymous_4)
FN:54,(anonymous_5)
FN:60,(anonymous_6)
FN:67,(anonymous_7)
FN:68,(anonymous_8)
FN:74,(anonymous_9)
FN:75,(anonymous_10)
FN:87,(anonymous_11)
FN:94,(anonymous_12)
FN:101,(anonymous_13)
FN:108,(anonymous_14)
FN:115,(anonymous_15)
FNF:16
FNH:0
FNDA:0,(anonymous_0)
FNDA:0,(anonymous_1)
FNDA:0,(anonymous_2)
FNDA:0,(anonymous_3)
FNDA:0,(anonymous_4)
FNDA:0,(anonymous_5)
FNDA:0,(anonymous_6)
FNDA:0,(anonymous_7)
FNDA:0,(anonymous_8)
FNDA:0,(anonymous_9)
FNDA:0,(anonymous_10)
FNDA:0,(anonymous_11)
FNDA:0,(anonymous_12)
FNDA:0,(anonymous_13)
FNDA:0,(anonymous_14)
FNDA:0,(anonymous_15)
DA:6,0
DA:7,0
DA:9,0
DA:12,0
DA:19,0
DA:27,0
DA:30,0
DA:31,0
DA:34,0
DA:41,0
DA:42,0
DA:43,0
DA:46,0
DA:47,0
DA:54,0
DA:61,0
DA:68,0
DA:75,0
DA:76,0
DA:77,0
DA:80,0
DA:81,0
DA:88,0
DA:95,0
DA:102,0
DA:109,0
DA:116,0
LF:27
LH:0
BRDA:11,0,0,0
BRDA:30,1,0,0
BRDA:30,1,1,0
BRDA:42,2,0,0
BRDA:42,2,1,0
BRDA:76,3,0,0
BRDA:76,3,1,0
BRF:7
BRH:0
end_of_record
TN:
SF:src/core/types.ts
FN:4,(anonymous_0)
FN:14,(anonymous_1)
FNF:2
FNH:0
FNDA:0,(anonymous_0)
FNDA:0,(anonymous_1)
DA:4,0
DA:5,0
DA:6,0
DA:7,0
DA:8,0
DA:14,0
DA:15,0
DA:16,0
DA:17,0
DA:18,0
DA:19,0
LF:11
LH:0
BRDA:4,0,0,0
BRDA:4,0,1,0
BRDA:14,1,0,0
BRDA:14,1,1,0
BRF:4
BRH:0
end_of_record
TN:
SF:src/discs/feature-flag-disc.ts
FN:8,(anonymous_0)
FN:27,(anonymous_1)
FN:31,(anonymous_2)
FN:35,(anonymous_3)
FN:51,(anonymous_4)
FN:74,(anonymous_5)
FN:100,(anonymous_6)
FN:137,(anonymous_7)
FN:144,(anonymous_8)
FN:156,(anonymous_9)
FNF:10
FNH:0
FNDA:0,(anonymous_0)
FNDA:0,(anonymous_1)
FNDA:0,(anonymous_2)
FNDA:0,(anonymous_3)
FNDA:0,(anonymous_4)
FNDA:0,(anonymous_5)
FNDA:0,(anonymous_6)
FNDA:0,(anonymous_7)
FNDA:0,(anonymous_8)
FNDA:0,(anonymous_9)
DA:1,0
DA:2,0
DA:7,0
DA:9,0
DA:19,0
DA:22,0
DA:28,0
DA:32,0
DA:36,0
DA:37,0
DA:38,0
DA:41,0
DA:43,0
DA:53,0
DA:54,0
DA:57,0
DA:58,0
DA:61,0
DA:62,0
DA:63,0
DA:64,0
DA:68,0
DA:84,0
DA:85,0
DA:94,0
DA:101,0
DA:103,0
DA:104,0
DA:107,0
DA:108,0
DA:111,0
DA:112,0
DA:116,0
DA:117,0
DA:121,0
DA:122,0
DA:126,0
DA:127,0
DA:128,0
DA:131,0
DA:138,0
DA:145,0
DA:146,0
DA:147,0
DA:157,0
DA:158,0
DA:159,0
DA:160,0
DA:161,0
DA:163,0
LF:50
LH:0
BRDA:37,0,0,0
BRDA:37,0,1,0
BRDA:53,1,0,0
BRDA:53,1,1,0
BRDA:53,2,0,0
BRDA:53,2,1,0
BRDA:57,3,0,0
BRDA:57,3,1,0
BRDA:57,4,0,0
BRDA:57,4,1,0
BRDA:61,5,0,0
BRDA:61,5,1,0
BRDA:63,6,0,0
BRDA:63,6,1,0
BRDA:63,7,0,0
BRDA:63,7,1,0
BRDA:63,7,2,0
BRDA:87,8,0,0
BRDA:87,8,1,0
BRDA:88,9,0,0
BRDA:88,9,1,0
BRDA:89,10,0,0
BRDA:89,10,1,0
BRDA:103,11,0,0
BRDA:103,11,1,0
BRDA:107,12,0,0
BRDA:107,12,1,0
BRDA:111,13,0,0
BRDA:111,13,1,0
BRDA:116,14,0,0
BRDA:116,14,1,0
BRDA:116,15,0,0
BRDA:116,15,1,0
BRDA:121,16,0,0
BRDA:121,16,1,0
BRDA:121,17,0,0
BRDA:121,17,1,0
BRDA:126,18,0,0
BRDA:126,18,1,0
BRF:39
BRH:0
end_of_record
TN:
SF:src/discs/theme-disc.ts
FN:8,(anonymous_0)
FN:31,(anonymous_1)
FN:35,(anonymous_2)
FN:39,(anonymous_3)
FN:53,(anonymous_4)
FN:73,(anonymous_5)
FN:83,(anonymous_6)
FN:90,(anonymous_7)
FNF:8
FNH:0
FNDA:0,(anonymous_0)
FNDA:0,(anonymous_1)
FNDA:0,(anonymous_2)
FNDA:0,(anonymous_3)
FNDA:0,(anonymous_4)
FNDA:0,(anonymous_5)
FNDA:0,(anonymous_6)
FNDA:0,(anonymous_7)
DA:1,0
DA:2,0
DA:7,0
DA:9,0
DA:19,0
DA:22,0
DA:32,0
DA:36,0
DA:41,0
DA:47,0
DA:55,0
DA:56,0
DA:59,0
DA:60,0
DA:63,0
DA:64,0
DA:67,0
DA:74,0
DA:75,0
DA:77,0
DA:84,0
DA:91,0
LF:22
LH:0
BRDA:55,0,0,0
BRDA:55,0,1,0
BRDA:55,1,0,0
BRDA:55,1,1,0
BRDA:59,2,0,0
BRDA:59,2,1,0
BRDA:59,3,0,0
BRDA:59,3,1,0
BRDA:63,4,0,0
BRDA:63,4,1,0
BRDA:63,5,0,0
BRDA:63,5,1,0
BRDA:74,6,0,0
BRDA:74,6,1,0
BRF:14
BRH:0
end_of_record
TN:
SF:src/engine/DJEngine.ts
FN:15,(anonymous_0)
FN:40,(anonymous_1)
FN:51,(anonymous_2)
FN:75,(anonymous_3)
FN:112,(anonymous_4)
FN:145,(anonymous_5)
FN:159,(anonymous_6)
FN:166,(anonymous_7)
FN:173,(anonymous_8)
FN:180,(anonymous_9)
FN:187,(anonymous_10)
FN:195,(anonymous_11)
FN:216,(anonymous_12)
FNF:13
FNH:0
FNDA:0,(anonymous_0)
FNDA:0,(anonymous_1)
FNDA:0,(anonymous_2)
FNDA:0,(anonymous_3)
FNDA:0,(anonymous_4)
FNDA:0,(anonymous_5)
FNDA:0,(anonymous_6)
FNDA:0,(anonymous_7)
FNDA:0,(anonymous_8)
FNDA:0,(anonymous_9)
FNDA:0,(anonymous_10)
FNDA:0,(anonymous_11)
FNDA:0,(anonymous_12)
DA:1,0
DA:7,0
DA:16,0
DA:17,0
DA:18,0
DA:19,0
DA:20,0
DA:23,0
DA:31,0
DA:41,0
DA:42,0
DA:43,0
DA:53,0
DA:56,0
DA:57,0
DA:61,0
DA:63,0
DA:77,0
DA:78,0
DA:79,0
DA:83,0
DA:84,0
DA:88,0
DA:89,0
DA:95,0
DA:97,0
DA:102,0
DA:103,0
DA:114,0
DA:115,0
DA:116,0
DA:120,0
DA:121,0
DA:125,0
DA:126,0
DA:132,0
DA:134,0
DA:147,0
DA:148,0
DA:152,0
DA:153,0
DA:160,0
DA:167,0
DA:174,0
DA:181,0
DA:188,0
DA:196,0
DA:197,0
DA:200,0
DA:201,0
DA:204,0
DA:205,0
DA:208,0
DA:209,0
DA:217,0
DA:226,0
DA:229,0
LF:57
LH:0
BRDA:15,0,0,0
BRDA:15,1,0,0
BRDA:56,2,0,0
BRDA:56,2,1,0
BRDA:78,3,0,0
BRDA:78,3,1,0
BRDA:83,4,0,0
BRDA:83,4,1,0
BRDA:88,5,0,0
BRDA:88,5,1,0
BRDA:102,6,0,0
BRDA:102,6,1,0
BRDA:115,7,0,0
BRDA:115,7,1,0
BRDA:120,8,0,0
BRDA:120,8,1,0
BRDA:125,9,0,0
BRDA:125,9,1,0
BRDA:147,10,0,0
BRDA:147,10,1,0
BRDA:152,11,0,0
BRDA:152,11,1,0
BRDA:196,12,0,0
BRDA:196,12,1,0
BRDA:196,13,0,0
BRDA:196,13,1,0
BRDA:200,14,0,0
BRDA:200,14,1,0
BRDA:204,15,0,0
BRDA:204,15,1,0
BRDA:204,16,0,0
BRDA:204,16,1,0
BRDA:208,17,0,0
BRDA:208,17,1,0
BRDA:208,18,0,0
BRDA:208,18,1,0
BRDA:231,19,0,0
BRDA:231,19,1,0
BRF:38
BRH:0
end_of_record
TN:
SF:src/types/index.ts
FN:5,(anonymous_0)
FN:16,(anonymous_1)
FNF:2
FNH:0
FNDA:0,(anonymous_0)
FNDA:0,(anonymous_1)
DA:5,0
DA:6,0
DA:7,0
DA:8,0
DA:9,0
DA:10,0
DA:16,0
DA:17,0
DA:18,0
DA:19,0
LF:10
LH:0
BRDA:5,0,0,0
BRDA:5,0,1,0
BRDA:16,1,0,0
BRDA:16,1,1,0
BRF:4
BRH:0
end_of_record
